2024-02-03 18:45:11,628 [INFO] Activator:176 - 


2024-02-03 18:45:11,635 [INFO] Activator:177 - !SESSION log4j initialized
2024-02-03 18:45:18,265 [INFO] LogOutputStream:77 - [STDOUT_REDIRECT] 
2024-02-03 18:45:25,106 [INFO] ApplicationProperties:184 - Using Application install path: C:\ST\STM32CubeIDE_1.11.2\STM32CubeIDE\plugins\com.st.stm32cube.common.mx_6.10.0.202311202037
2024-02-03 18:45:25,125 [INFO] DbMcusXml:78 - Set database path to: C:\ST\STM32CubeIDE_1.11.2\STM32CubeIDE\plugins\com.st.stm32cube.common.mx_6.10.0.202311202037\\db\/mcu/
2024-02-03 18:45:25,126 [INFO] ApiDb:274 - Set plugin database path to: C:\ST\STM32CubeIDE_1.11.2\STM32CubeIDE\plugins\com.st.stm32cube.common.mx_6.10.0.202311202037\\db\/plugins/boardmanager/
2024-02-03 18:45:25,127 [WARN] ApiDb:259 - Overriding images path with different value:  => C:\ST\STM32CubeIDE_1.11.2\STM32CubeIDE\plugins\com.st.stm32cube.common.mx_6.10.0.202311202037\\db\/plugins/mcufinder/images/
2024-02-03 18:45:25,137 [INFO] ApiDb:250 - Set database path to: C:\Users\xboxw\.stmcufinder\plugins\mcufinder//mcu/
2024-02-03 18:45:25,138 [INFO] DbMcusAds:125 - Set database path to: C:\Users\xboxw\.stmcufinder\plugins\mcufinder//mcu/
2024-02-03 18:45:25,140 [INFO] CrossReferenceDbSqlite:203 - Set database path to: C:\Users\xboxw\.stmcufinder\plugins\mcufinder//mcu/cs/
2024-02-03 18:45:25,256 [INFO] RulesReader:64 - Compatibility file has been processed (297 Rules)
2024-02-03 18:45:25,352 [INFO] DbMcusXml:78 - Set database path to: C:\ST\STM32CubeIDE_1.11.2\STM32CubeIDE\plugins\com.st.stm32cube.common.mx_6.10.0.202311202037\\db\/mcu/
2024-02-03 18:45:25,352 [INFO] ApiDb:274 - Set plugin database path to: C:\ST\STM32CubeIDE_1.11.2\STM32CubeIDE\plugins\com.st.stm32cube.common.mx_6.10.0.202311202037\\db\/plugins/boardmanager/
2024-02-03 18:45:25,352 [INFO] ApiDb:261 - Set plugin images path to: C:\ST\STM32CubeIDE_1.11.2\STM32CubeIDE\plugins\com.st.stm32cube.common.mx_6.10.0.202311202037\\db\/plugins/mcufinder/images/
2024-02-03 18:45:25,352 [WARN] DbFile:41 - Overriding database path with different value: C:\Users\xboxw\.stmcufinder\plugins\mcufinder/ => C:\Users\xboxw\.stmcufinder\plugins\mcufinder
2024-02-03 18:45:25,352 [INFO] ApiDb:250 - Set database path to: C:\Users\xboxw\.stmcufinder\plugins\mcufinder//mcu/
2024-02-03 18:45:25,352 [WARN] DbFile:41 - Overriding database path with different value: C:\Users\xboxw\.stmcufinder\plugins\mcufinder/ => C:\Users\xboxw\.stmcufinder\plugins\mcufinder
2024-02-03 18:45:25,352 [INFO] DbMcusAds:125 - Set database path to: C:\Users\xboxw\.stmcufinder\plugins\mcufinder//mcu/
2024-02-03 18:45:25,352 [WARN] DbFile:41 - Overriding database path with different value: C:\Users\xboxw\.stmcufinder\plugins\mcufinder/ => C:\Users\xboxw\.stmcufinder\plugins\mcufinder
2024-02-03 18:45:25,353 [WARN] DbFile:41 - Overriding database path with different value: C:\Users\xboxw\.stmcufinder\plugins\mcufinder/ => C:\Users\xboxw\.stmcufinder\plugins\mcufinder
2024-02-03 18:45:25,353 [INFO] CrossReferenceDbSqlite:203 - Set database path to: C:\Users\xboxw\.stmcufinder\plugins\mcufinder//mcu/cs/
2024-02-03 18:45:25,433 [INFO] MainPanel:264 - HeapMemory: 268435456
2024-02-03 18:45:25,522 [INFO] DbMcusXml:78 - Set database path to: C:\ST\STM32CubeIDE_1.11.2\STM32CubeIDE\plugins\com.st.stm32cube.common.mx_6.10.0.202311202037\\db\/mcu/
2024-02-03 18:45:25,523 [INFO] ApiDb:274 - Set plugin database path to: C:\ST\STM32CubeIDE_1.11.2\STM32CubeIDE\plugins\com.st.stm32cube.common.mx_6.10.0.202311202037\\db\/plugins/boardmanager/
2024-02-03 18:45:25,523 [INFO] ApiDb:261 - Set plugin images path to: C:\ST\STM32CubeIDE_1.11.2\STM32CubeIDE\plugins\com.st.stm32cube.common.mx_6.10.0.202311202037\\db\/plugins/mcufinder/images/
2024-02-03 18:45:25,523 [WARN] DbFile:41 - Overriding database path with different value: C:\Users\xboxw\.stmcufinder\plugins\mcufinder/ => C:\Users\xboxw\.stmcufinder\plugins\mcufinder
2024-02-03 18:45:25,523 [INFO] ApiDb:250 - Set database path to: C:\Users\xboxw\.stmcufinder\plugins\mcufinder//mcu/
2024-02-03 18:45:25,524 [WARN] DbFile:41 - Overriding database path with different value: C:\Users\xboxw\.stmcufinder\plugins\mcufinder/ => C:\Users\xboxw\.stmcufinder\plugins\mcufinder
2024-02-03 18:45:25,524 [INFO] DbMcusAds:125 - Set database path to: C:\Users\xboxw\.stmcufinder\plugins\mcufinder//mcu/
2024-02-03 18:45:25,524 [WARN] DbFile:41 - Overriding database path with different value: C:\Users\xboxw\.stmcufinder\plugins\mcufinder/ => C:\Users\xboxw\.stmcufinder\plugins\mcufinder
2024-02-03 18:45:25,524 [WARN] DbFile:41 - Overriding database path with different value: C:\Users\xboxw\.stmcufinder\plugins\mcufinder/ => C:\Users\xboxw\.stmcufinder\plugins\mcufinder
2024-02-03 18:45:25,524 [INFO] CrossReferenceDbSqlite:203 - Set database path to: C:\Users\xboxw\.stmcufinder\plugins\mcufinder//mcu/cs/
2024-02-03 18:45:25,544 [INFO] ApplicationProperties:184 - Using Application install path: C:\ST\STM32CubeIDE_1.11.2\STM32CubeIDE\plugins\com.st.stm32cube.common.mx_6.10.0.202311202037
2024-02-03 18:45:25,546 [INFO] PluginManage:196 - Search for loadable plugins [exclusion list=, ]
2024-02-03 18:45:25,547 [INFO] PluginManage:310 - Check plugin analytics
2024-02-03 18:45:30,640 [INFO] AnalyticsPlugin:253 - Accepted Software Licenses: 
2024-02-03 18:45:30,640 [INFO] AnalyticsPlugin:255 - Accepted CMSIS Pack Licenses: 
2024-02-03 18:45:30,641 [INFO] AnalyticsPlugin:257 - Accepted Firmware Licenses: FW.F4.1.28.0
2024-02-03 18:45:30,643 [INFO] PluginManage:359 - Loaded plugin analytics (category:tool,tabindex:-1)
2024-02-03 18:45:30,644 [INFO] PluginManage:310 - Check plugin cadmodel
2024-02-03 18:45:30,657 [INFO] CADModel:105 - Init CAD model plugin
2024-02-03 18:45:30,658 [INFO] PluginManage:359 - Loaded plugin cadmodel (category:power,tabindex:5)
2024-02-03 18:45:30,658 [INFO] PluginManage:310 - Check plugin clock
2024-02-03 18:45:30,677 [INFO] PluginManage:359 - Loaded plugin clock (category:base,tabindex:2)
2024-02-03 18:45:30,677 [INFO] PluginManage:310 - Check plugin ddr
2024-02-03 18:45:30,679 [INFO] PluginManage:359 - Loaded plugin ddr (category:tool,tabindex:6)
2024-02-03 18:45:30,679 [INFO] PluginManage:310 - Check plugin filemanager
2024-02-03 18:45:30,806 [INFO] PluginManage:359 - Loaded plugin filemanager (category:base,tabindex:10)
2024-02-03 18:45:30,807 [INFO] PluginManage:310 - Check plugin ipmanager
2024-02-03 18:45:30,814 [INFO] PluginManage:359 - Loaded plugin ipmanager (category:base,tabindex:5)
2024-02-03 18:45:30,814 [INFO] PluginManage:310 - Check plugin lpbam
2024-02-03 18:45:30,830 [INFO] PluginManage:359 - Loaded plugin lpbam (category:base,tabindex:0)
2024-02-03 18:45:30,830 [INFO] PluginManage:310 - Check plugin memorymap
2024-02-03 18:45:30,851 [INFO] PluginManage:359 - Loaded plugin memorymap (category:base,tabindex:4)
2024-02-03 18:45:30,851 [INFO] PluginManage:310 - Check plugin pinoutandconfiguration
2024-02-03 18:45:30,868 [INFO] PluginManage:359 - Loaded plugin pinoutandconfiguration (category:base,tabindex:1)
2024-02-03 18:45:30,868 [INFO] PluginManage:310 - Check plugin pinoutconfig
2024-02-03 18:45:30,953 [WARN] SupportedApi:132 - Cannot load RTOS API schema: s4s-elt-must-match.1: The content of 'definitions' must match (annotation?, (simpleType | complexType)?, (unique | key | keyref)*)). A problem was found starting at: attribute.
2024-02-03 18:45:31,063 [INFO] PluginManage:359 - Loaded plugin pinoutconfig (category:base,tabindex:0)
2024-02-03 18:45:31,063 [INFO] PluginManage:310 - Check plugin power
2024-02-03 18:45:31,080 [INFO] PluginManage:359 - Loaded plugin power (category:power,tabindex:4)
2024-02-03 18:45:31,081 [INFO] PluginManage:310 - Check plugin projectmanager
2024-02-03 18:45:31,094 [INFO] PluginManage:359 - Loaded plugin projectmanager (category:projectmanager,tabindex:3)
2024-02-03 18:45:31,094 [INFO] PluginManage:310 - Check plugin thirdparty
2024-02-03 18:45:31,336 [INFO] PluginManage:359 - Loaded plugin thirdparty (category:base,tabindex:-1)
2024-02-03 18:45:31,336 [WARN] IntegrityCheckThread:84 - waiting for thirdparty lock release [integrity check]
2024-02-03 18:45:31,336 [INFO] PluginManage:310 - Check plugin tools
2024-02-03 18:45:31,336 [INFO] IntegrityCheckThread:86 - entering critical section [integrity check]
2024-02-03 18:45:31,337 [INFO] ThirdPartyUpdaterWithRetryManager:70 - Updater plugin not ready yet. [1/15]
2024-02-03 18:45:31,367 [INFO] PluginManage:359 - Loaded plugin tools (category:base,tabindex:7)
2024-02-03 18:45:31,367 [INFO] PluginManage:310 - Check plugin tutovideos
2024-02-03 18:45:31,538 [INFO] PluginManage:359 - Loaded plugin tutovideos (category:base,tabindex:-1)
2024-02-03 18:45:31,538 [INFO] PluginManage:310 - Check plugin updater
2024-02-03 18:45:31,549 [INFO] PluginManage:359 - Loaded plugin updater (category:base,tabindex:12)
2024-02-03 18:45:31,550 [INFO] PluginManage:310 - Check plugin userauth
2024-02-03 18:45:31,555 [INFO] UserAuth:114 - Init User Auth plugin
2024-02-03 18:45:31,555 [INFO] PluginManage:359 - Loaded plugin userauth (category:base,tabindex:14)
2024-02-03 18:45:31,556 [INFO] PluginManage:283 - PluginManage : Loaded plugins [17]
2024-02-03 18:45:31,764 [INFO] PinOutPanel:1499 - setPackage(No Configuration,No Configuration)
2024-02-03 18:45:31,837 [INFO] CADModel:165 - CPN selected for project level
2024-02-03 18:45:31,837 [INFO] CADModel:114 - Register for checkConnection events
2024-02-03 18:45:31,866 [INFO] IPUIPlugin:80 - create IPUIPlugin
2024-02-03 18:45:31,866 [INFO] PluginManager:220 - loadIPPluginJar : add adc
2024-02-03 18:45:31,899 [INFO] IPUIPlugin:80 - create IPUIPlugin
2024-02-03 18:45:31,900 [INFO] PluginManager:220 - loadIPPluginJar : add aes
2024-02-03 18:45:31,936 [INFO] IPUIPlugin:80 - create IPUIPlugin
2024-02-03 18:45:31,936 [INFO] PluginManager:220 - loadIPPluginJar : add can
2024-02-03 18:45:31,958 [INFO] IPUIPlugin:80 - create IPUIPlugin
2024-02-03 18:45:31,959 [INFO] PluginManager:220 - loadIPPluginJar : add comp
2024-02-03 18:45:31,987 [INFO] IPUIPlugin:80 - create IPUIPlugin
2024-02-03 18:45:31,987 [INFO] PluginManager:220 - loadIPPluginJar : add cryp
2024-02-03 18:45:32,012 [INFO] IPUIPlugin:80 - create IPUIPlugin
2024-02-03 18:45:32,012 [INFO] PluginManager:220 - loadIPPluginJar : add dfsdm
2024-02-03 18:45:32,025 [INFO] IPUIPlugin:80 - create IPUIPlugin
2024-02-03 18:45:32,026 [INFO] PluginManager:220 - loadIPPluginJar : add dma
2024-02-03 18:45:32,063 [INFO] IPUIPlugin:80 - create IPUIPlugin
2024-02-03 18:45:32,063 [INFO] PluginManager:220 - loadIPPluginJar : add dma3
2024-02-03 18:45:32,084 [INFO] IPUIPlugin:80 - create IPUIPlugin
2024-02-03 18:45:32,084 [INFO] PluginManager:220 - loadIPPluginJar : add fatfs
2024-02-03 18:45:32,130 [INFO] IPUIPlugin:80 - create IPUIPlugin
2024-02-03 18:45:32,130 [INFO] PluginManager:220 - loadIPPluginJar : add fmc
2024-02-03 18:45:32,147 [INFO] IPUIPlugin:80 - create IPUIPlugin
2024-02-03 18:45:32,147 [INFO] PluginManager:220 - loadIPPluginJar : add freertos
2024-02-03 18:45:32,169 [INFO] IPUIPlugin:80 - create IPUIPlugin
2024-02-03 18:45:32,169 [INFO] PluginManager:220 - loadIPPluginJar : add genericplugin
2024-02-03 18:45:32,249 [INFO] IPUIPlugin:80 - create IPUIPlugin
2024-02-03 18:45:32,250 [INFO] PluginManager:220 - loadIPPluginJar : add gfxmmu
2024-02-03 18:45:32,370 [INFO] IPUIPlugin:80 - create IPUIPlugin
2024-02-03 18:45:32,370 [INFO] PluginManager:220 - loadIPPluginJar : add gic
2024-02-03 18:45:32,382 [INFO] IPUIPlugin:80 - create IPUIPlugin
2024-02-03 18:45:32,382 [INFO] PluginManager:220 - loadIPPluginJar : add gpio
2024-02-03 18:45:32,463 [INFO] IPUIPlugin:80 - create IPUIPlugin
2024-02-03 18:45:32,463 [INFO] PluginManager:220 - loadIPPluginJar : add gtzc
2024-02-03 18:45:32,497 [INFO] IPUIPlugin:80 - create IPUIPlugin
2024-02-03 18:45:32,497 [INFO] PluginManager:220 - loadIPPluginJar : add hash
2024-02-03 18:45:32,541 [INFO] IPUIPlugin:80 - create IPUIPlugin
2024-02-03 18:45:32,541 [INFO] PluginManager:220 - loadIPPluginJar : add i2c
2024-02-03 18:45:32,574 [INFO] IPUIPlugin:80 - create IPUIPlugin
2024-02-03 18:45:32,574 [INFO] PluginManager:220 - loadIPPluginJar : add i2s
2024-02-03 18:45:32,609 [INFO] IPUIPlugin:80 - create IPUIPlugin
2024-02-03 18:45:32,609 [INFO] PluginManager:220 - loadIPPluginJar : add i3c
2024-02-03 18:45:32,692 [INFO] IPUIPlugin:80 - create IPUIPlugin
2024-02-03 18:45:32,693 [INFO] PluginManager:220 - loadIPPluginJar : add ipddr
2024-02-03 18:45:32,773 [INFO] IPUIPlugin:80 - create IPUIPlugin
2024-02-03 18:45:32,774 [INFO] PluginManager:220 - loadIPPluginJar : add linkedlist
2024-02-03 18:45:32,805 [INFO] IPUIPlugin:80 - create IPUIPlugin
2024-02-03 18:45:32,805 [INFO] PluginManager:220 - loadIPPluginJar : add lorawan
2024-02-03 18:45:32,837 [INFO] IPUIPlugin:80 - create IPUIPlugin
2024-02-03 18:45:32,837 [INFO] PluginManager:220 - loadIPPluginJar : add ltdc
2024-02-03 18:45:32,851 [INFO] IPUIPlugin:80 - create IPUIPlugin
2024-02-03 18:45:32,851 [INFO] PluginManager:220 - loadIPPluginJar : add mdma
2024-02-03 18:45:32,863 [INFO] IPUIPlugin:80 - create IPUIPlugin
2024-02-03 18:45:32,863 [INFO] PluginManager:220 - loadIPPluginJar : add nvic
2024-02-03 18:45:32,894 [INFO] IPUIPlugin:80 - create IPUIPlugin
2024-02-03 18:45:32,894 [INFO] PluginManager:220 - loadIPPluginJar : add opamp
2024-02-03 18:45:32,945 [INFO] IPUIPlugin:80 - create IPUIPlugin
2024-02-03 18:45:32,946 [INFO] PluginManager:220 - loadIPPluginJar : add openamp
2024-02-03 18:45:32,982 [INFO] IPUIPlugin:80 - create IPUIPlugin
2024-02-03 18:45:32,982 [INFO] PluginManager:220 - loadIPPluginJar : add pdm2pcm
2024-02-03 18:45:32,995 [INFO] IPUIPlugin:80 - create IPUIPlugin
2024-02-03 18:45:32,997 [INFO] PluginManager:220 - loadIPPluginJar : add plateformsettings
2024-02-03 18:45:33,015 [INFO] IPUIPlugin:80 - create IPUIPlugin
2024-02-03 18:45:33,016 [INFO] PluginManager:220 - loadIPPluginJar : add quadspi
2024-02-03 18:45:33,027 [INFO] IPUIPlugin:80 - create IPUIPlugin
2024-02-03 18:45:33,027 [INFO] PluginManager:220 - loadIPPluginJar : add resmgrutility
2024-02-03 18:45:33,069 [INFO] IPUIPlugin:80 - create IPUIPlugin
2024-02-03 18:45:33,069 [INFO] PluginManager:220 - loadIPPluginJar : add sai
2024-02-03 18:45:33,102 [INFO] IPUIPlugin:80 - create IPUIPlugin
2024-02-03 18:45:33,102 [INFO] PluginManager:220 - loadIPPluginJar : add spi
2024-02-03 18:45:33,159 [INFO] IPUIPlugin:80 - create IPUIPlugin
2024-02-03 18:45:33,159 [INFO] PluginManager:220 - loadIPPluginJar : add stm32_wpan
2024-02-03 18:45:33,180 [INFO] IPUIPlugin:80 - create IPUIPlugin
2024-02-03 18:45:33,180 [INFO] PluginManager:220 - loadIPPluginJar : add tim
2024-02-03 18:45:33,226 [INFO] IPUIPlugin:80 - create IPUIPlugin
2024-02-03 18:45:33,226 [INFO] PluginManager:220 - loadIPPluginJar : add touchsensing
2024-02-03 18:45:33,246 [INFO] IPUIPlugin:80 - create IPUIPlugin
2024-02-03 18:45:33,246 [INFO] PluginManager:220 - loadIPPluginJar : add tracer_emb
2024-02-03 18:45:33,265 [INFO] IPUIPlugin:80 - create IPUIPlugin
2024-02-03 18:45:33,265 [INFO] PluginManager:220 - loadIPPluginJar : add ts
2024-02-03 18:45:33,284 [INFO] IPUIPlugin:80 - create IPUIPlugin
2024-02-03 18:45:33,284 [INFO] PluginManager:220 - loadIPPluginJar : add tsc
2024-02-03 18:45:33,304 [INFO] IPUIPlugin:80 - create IPUIPlugin
2024-02-03 18:45:33,304 [INFO] PluginManager:220 - loadIPPluginJar : add ucpd
2024-02-03 18:45:33,338 [INFO] IPUIPlugin:80 - create IPUIPlugin
2024-02-03 18:45:33,338 [INFO] PluginManager:220 - loadIPPluginJar : add usart
2024-02-03 18:45:33,374 [INFO] IPUIPlugin:80 - create IPUIPlugin
2024-02-03 18:45:33,374 [INFO] PluginManager:220 - loadIPPluginJar : add usbx
2024-02-03 18:45:33,493 [INFO] CADModel:165 - CPN selected for project level
2024-02-03 18:45:33,493 [INFO] CADModel:114 - Register for checkConnection events
2024-02-03 18:45:33,493 [FATAL] Updater:308 - Updater called before beeing initialized
2024-02-03 18:45:33,493 [ERROR] CADModel:125 - Updater not yet initialized, retry later 
2024-02-03 18:45:33,620 [INFO] CADModel:165 - CPN selected for project level
2024-02-03 18:45:33,621 [INFO] CADModel:114 - Register for checkConnection events
2024-02-03 18:45:33,621 [FATAL] Updater:308 - Updater called before beeing initialized
2024-02-03 18:45:33,621 [ERROR] CADModel:125 - Updater not yet initialized, retry later 
2024-02-03 18:45:33,624 [FATAL] Updater:308 - Updater called before beeing initialized
2024-02-03 18:45:33,721 [FATAL] Updater:308 - Updater called before beeing initialized
2024-02-03 18:45:33,730 [INFO] DbMcusAds:53 - JSON generation date=Wed Nov 29 07:52:27 BRT 2023 (1701255147200)
2024-02-03 18:45:33,730 [FATAL] Updater:308 - Updater called before beeing initialized
2024-02-03 18:45:33,799 [WARN] DetailPanel:346 - Failed to get advertising image, set to default
2024-02-03 18:45:33,871 [FATAL] Updater:308 - Updater called before beeing initialized
2024-02-03 18:45:33,873 [FATAL] Updater:308 - Updater called before beeing initialized
2024-02-03 18:45:33,873 [FATAL] Updater:308 - Updater called before beeing initialized
2024-02-03 18:45:33,873 [WARN] DetailPanel:346 - Failed to get advertising image, set to default
2024-02-03 18:45:33,873 [FATAL] Updater:308 - Updater called before beeing initialized
2024-02-03 18:45:33,926 [ERROR] Updater:1120 - MainUpdater not yet initialized. External WinMGr cannot be set.
2024-02-03 18:45:33,936 [INFO] Updater:1056 - Updater Version found : 6.10.0
2024-02-03 18:45:33,954 [INFO] ApplicationProperties:184 - Using Application install path: C:\ST\STM32CubeIDE_1.11.2\STM32CubeIDE\plugins\com.st.stm32cube.common.mx_6.10.0.202311202037
2024-02-03 18:45:34,337 [INFO] ThirdPartyUpdaterWithRetryManager:70 - Updater plugin not ready yet. [2/15]
2024-02-03 18:45:35,530 [ERROR] LogOutputStream:75 - [STDERR_REDIRECT] Feb 03, 2024 6:45:35 PM java.util.prefs.WindowsPreferences <init>
2024-02-03 18:45:35,531 [ERROR] LogOutputStream:75 - [STDERR_REDIRECT] WARNING: Could not open/create prefs root node Software\JavaSoft\Prefs at root 0xffffffff80000002. Windows RegCreateKeyEx(...) returned error code 5.
2024-02-03 18:45:35,531 [ERROR] LogOutputStream:75 - [STDERR_REDIRECT] 
2024-02-03 18:45:35,816 [INFO] MainUpdater:2873 - connection check result : 10
2024-02-03 18:45:35,816 [INFO] MainUpdater:3567 - Updater definition file requires update
2024-02-03 18:45:35,818 [INFO] MainUpdater:290 - Updater Check For Update Now.
2024-02-03 18:45:35,818 [INFO] MicroXplorer:498 - Change Database Version : DB.6.0.100
2024-02-03 18:45:35,832 [INFO] McuFinderGlobals:63 - Set McuFinder mode to 2 (CubeIDE integrated)
2024-02-03 18:45:35,895 [INFO] ServerAccessManage:473 - Download File updaters.zip
2024-02-03 18:45:36,008 [INFO] FileExtend:240 - Unzip File : updaters.zip
2024-02-03 18:45:36,009 [INFO] FileExtend:255 - Standard Zip Deflate
2024-02-03 18:45:36,651 [INFO] ServerAccessManage:473 - Download File PacksControlFlags.xml
2024-02-03 18:45:36,744 [INFO] ServerAccessManage:473 - Download File cubemx.pidx
2024-02-03 18:45:36,835 [INFO] LoadServerUpdatesThread:375 - End of LoadServerUpdate Thread
2024-02-03 18:45:36,994 [INFO] CheckServerUpdateThread:120 - End of CheckServer Thread
2024-02-03 18:45:37,021 [INFO] UserAuth:404 - Internet connection configuration mode: 1
2024-02-03 18:45:37,042 [INFO] JxBrowserEngine:152 - Initiate JxBrowser Engine with user profile folder
2024-02-03 18:45:37,542 [WARN] PackLoader:240 - Cannot read IP mode file for STMicroelectronics.X-CUBE-SMBUS.2.1.0
2024-02-03 18:45:37,556 [WARN] PackLoader:240 - Cannot read IP mode file for STMicroelectronics.X-CUBE-TOUCHGFX.4.23.0
2024-02-03 18:45:37,594 [WARN] PackLoader:240 - Cannot read IP mode file for STMicroelectronics.X-CUBE-AZRTOS-F7.1.1.0
2024-02-03 18:45:37,613 [ERROR] RealEvaluatedCondition:428 - Found unsupported composite condition: GROUP='STM32_MetaDataManager' CLASS='Data Exchange'
2024-02-03 18:45:37,614 [ERROR] RealEvaluatedCondition:428 - Found unsupported composite condition: CLASS='Data Exchange' GROUP='STM32_MetaDataManager'
2024-02-03 18:45:37,615 [WARN] PackLoader:240 - Cannot read IP mode file for STMicroelectronics.FP-SNS-MOTENV1.4.3.0
2024-02-03 18:45:37,632 [WARN] PackLoader:240 - Cannot read IP mode file for STMicroelectronics.FP-SNS-MOTENV1.4.3.2
2024-02-03 18:45:37,648 [WARN] PackLoader:240 - Cannot read IP mode file for STMicroelectronics.FP-SNS-FLIGHT1.5.0.0
2024-02-03 18:45:37,660 [ERROR] RealEvaluatedCondition:428 - Found unsupported composite condition: CLASS='Data Exchange' GROUP='STM32_MetaDataManager'
2024-02-03 18:45:37,661 [ERROR] RealEvaluatedCondition:428 - Found unsupported composite condition: CLASS='Data Exchange' GROUP='STM32_MetaDataManager'
2024-02-03 18:45:37,662 [WARN] PackLoader:240 - Cannot read IP mode file for STMicroelectronics.FP-SNS-MOTENV1.4.3.1
2024-02-03 18:45:37,676 [WARN] PackLoader:240 - Cannot read IP mode file for STMicroelectronics.FP-SNS-FLIGHT1.5.0.1
2024-02-03 18:45:37,693 [WARN] PackLoader:240 - Cannot read IP mode file for STMicroelectronics.X-CUBE-BLE1.6.2.4
2024-02-03 18:45:37,706 [WARN] PackLoader:240 - Cannot read IP mode file for STMicroelectronics.FP-SNS-FLIGHT1.5.0.2
2024-02-03 18:45:37,725 [WARN] PackLoader:240 - Cannot read IP mode file for STMicroelectronics.X-CUBE-DISPLAY.3.0.0
2024-02-03 18:45:37,741 [WARN] PackLoader:240 - Cannot read IP mode file for STMicroelectronics.X-CUBE-BLE1.7.0.0
2024-02-03 18:45:37,753 [WARN] PackLoader:240 - Cannot read IP mode file for STMicroelectronics.X-CUBE-TOUCHGFX.4.22.0
2024-02-03 18:45:37,761 [WARN] PackLoader:240 - Cannot read IP mode file for STMicroelectronics.X-CUBE-TOUCHGFX.4.22.1
2024-02-03 18:45:37,772 [WARN] PackLoader:240 - Cannot read IP mode file for STMicroelectronics.FP-SNS-SMARTAG2.1.2.0
2024-02-03 18:45:37,790 [INFO] LogOutputStream:77 - [STDOUT_REDIRECT] 1 : Invalid condition id : UX_CORESTACK_Condition cause : null
2024-02-03 18:45:37,790 [INFO] LogOutputStream:77 - [STDOUT_REDIRECT] 1 : Invalid condition id : UX_CORESTACK_Condition cause : null
2024-02-03 18:45:37,792 [INFO] LogOutputStream:77 - [STDOUT_REDIRECT] 1 : Invalid condition id : UX_CORESTACK_Condition cause : null
2024-02-03 18:45:37,793 [INFO] LogOutputStream:77 - [STDOUT_REDIRECT] 1 : Invalid condition id : UX_CORESTACK_Condition cause : null
2024-02-03 18:45:37,794 [INFO] LogOutputStream:77 - [STDOUT_REDIRECT] 1 : Invalid condition id : UX_CORESTACK_Condition cause : null
2024-02-03 18:45:37,797 [WARN] PackLoader:240 - Cannot read IP mode file for STMicroelectronics.X-CUBE-AZRTOS-WL.2.0.0
2024-02-03 18:45:37,812 [WARN] PackLoader:240 - Cannot read IP mode file for WES.I-CUBE-Cesium.1.3.0
2024-02-03 18:45:37,824 [WARN] PackLoader:240 - Cannot read IP mode file for STMicroelectronics.X-CUBE-BLE2.3.3.0
2024-02-03 18:45:37,844 [WARN] PackLoader:240 - Cannot read IP mode file for STMicroelectronics.X-CUBE-TOF1.3.2.0
2024-02-03 18:45:37,865 [WARN] PackLoader:240 - Cannot read IP mode file for STMicroelectronics.X-CUBE-TOUCHGFX.4.21.1
2024-02-03 18:45:37,878 [WARN] PackLoader:240 - Cannot read IP mode file for STMicroelectronics.X-CUBE-TOUCHGFX.4.21.3
2024-02-03 18:45:37,890 [WARN] PackLoader:240 - Cannot read IP mode file for STMicroelectronics.X-CUBE-TOUCHGFX.4.21.4
2024-02-03 18:45:37,907 [WARN] PackLoader:240 - Cannot read IP mode file for STMicroelectronics.X-CUBE-ALGOBUILD.1.3.0
2024-02-03 18:45:37,935 [WARN] PackLoader:240 - Cannot read IP mode file for STMicroelectronics.X-CUBE-AZRTOS-G0.1.1.0
2024-02-03 18:45:37,954 [WARN] PackLoader:240 - Cannot read IP mode file for STMicroelectronics.X-CUBE-NFC4.3.0.0
2024-02-03 18:45:37,975 [WARN] PackLoader:240 - Cannot read IP mode file for STMicroelectronics.X-CUBE-BLEMGR.3.0.0
2024-02-03 18:45:37,995 [WARN] PackLoader:240 - Cannot read IP mode file for STMicroelectronics.FP-ATR-SIGFOX1.3.2.0
2024-02-03 18:45:38,013 [WARN] PackLoader:240 - Cannot read IP mode file for STMicroelectronics.X-CUBE-EEPRMA1.5.1.0
2024-02-03 18:45:38,077 [WARN] PackLoader:240 - Cannot read IP mode file for STMicroelectronics.X-CUBE-MEMS1.9.5.0
2024-02-03 18:45:38,246 [WARN] PackLoader:240 - Cannot read IP mode file for SEGGER.I-CUBE-embOS.1.3.1
2024-02-03 18:45:38,302 [WARN] PackLoader:240 - Cannot read IP mode file for STMicroelectronics.X-CUBE-GNSS1.6.0.0
2024-02-03 18:45:38,334 [WARN] PackLoader:240 - Cannot read IP mode file for STMicroelectronics.X-CUBE-AZRTOS-F4.1.1.0
2024-02-03 18:45:38,369 [WARN] PackLoader:240 - Cannot read IP mode file for STMicroelectronics.X-CUBE-AZRTOS-L5.2.0.0
2024-02-03 18:45:38,424 [WARN] PackLoader:240 - Cannot read IP mode file for STMicroelectronics.X-CUBE-MEMS1.9.6.0
2024-02-03 18:45:38,550 [WARN] PackLoader:240 - Cannot read IP mode file for STMicroelectronics.X-CUBE-EEPRMA1.4.2.0
2024-02-03 18:45:38,570 [WARN] PackLoader:240 - Cannot read IP mode file for ITTIA_DB.I-CUBE-ITTIADB.8.8.0
2024-02-03 18:45:38,591 [WARN] PackLoader:240 - Cannot read IP mode file for emotas.I-CUBE-CANOPEN.1.1.3
2024-02-03 18:45:38,614 [WARN] PackLoader:240 - Cannot read IP mode file for STMicroelectronics.X-CUBE-BLEMGR.2.0.0
2024-02-03 18:45:38,654 [WARN] ConditionMgr:438 - getConditionDescription Invalid condition id : UX DEVICE CLASS RTOS Condition cause : null
2024-02-03 18:45:38,655 [WARN] ConditionMgr:438 - getConditionDescription Invalid condition id : UX DEVICE CLASS RTOS Condition cause : null
2024-02-03 18:45:38,658 [WARN] PackLoader:240 - Cannot read IP mode file for STMicroelectronics.X-CUBE-AZRTOS-H7.3.1.0
2024-02-03 18:45:38,659 [WARN] ConditionMgr:1039 - genDependencies : Invalid condition id : UX DEVICE CLASS RTOS Condition cause : null
2024-02-03 18:45:38,660 [WARN] ConditionMgr:1039 - genDependencies : Invalid condition id : UX DEVICE CLASS RTOS Condition cause : null
2024-02-03 18:45:38,660 [WARN] ConditionMgr:1039 - genDependencies : Invalid condition id : UX DEVICE CLASS RTOS Condition cause : null
2024-02-03 18:45:38,661 [WARN] ConditionMgr:1039 - genDependencies : Invalid condition id : UX DEVICE CLASS RTOS Condition cause : null
2024-02-03 18:45:38,661 [WARN] ConditionMgr:1039 - genDependencies : Invalid condition id : UX DEVICE CLASS RTOS Condition cause : null
2024-02-03 18:45:38,677 [WARN] PackLoader:240 - Cannot read IP mode file for wolfSSL.I-CUBE-wolfSSL.5.5.4
2024-02-03 18:45:38,692 [WARN] PackLoader:240 - Cannot read IP mode file for STMicroelectronics.X-CUBE-NFC7.1.0.1
2024-02-03 18:45:38,705 [WARN] PackLoader:240 - Cannot read IP mode file for STMicroelectronics.X-CUBE-NFC7.1.0.0
2024-02-03 18:45:38,720 [WARN] PackLoader:240 - Cannot read IP mode file for STMicroelectronics.X-CUBE-NFC6.3.0.0
2024-02-03 18:45:38,738 [WARN] PackLoader:240 - Cannot read IP mode file for STMicroelectronics.X-CUBE-EEPRMA1.4.1.0
2024-02-03 18:45:38,754 [WARN] PackLoader:240 - Cannot read IP mode file for STMicroelectronics.X-CUBE-AI.8.1.0
2024-02-03 18:45:38,783 [WARN] ConditionMgr:438 - getConditionDescription Invalid condition id : LAN8742 Phy interface Condition cause : null
2024-02-03 18:45:38,784 [WARN] PackLoader:240 - Cannot read IP mode file for STMicroelectronics.X-CUBE-AZRTOS-L4.2.0.0
2024-02-03 18:45:38,785 [WARN] ConditionMgr:1039 - genDependencies : Invalid condition id : LAN8742 Phy interface Condition cause : null
2024-02-03 18:45:38,785 [WARN] ConditionMgr:1039 - genDependencies : Invalid condition id : LAN8742 Phy interface Condition cause : null
2024-02-03 18:45:38,786 [WARN] ConditionMgr:1039 - genDependencies : Invalid condition id : LAN8742 Phy interface Condition cause : null
2024-02-03 18:45:38,801 [WARN] PackLoader:240 - Cannot read IP mode file for STMicroelectronics.X-CUBE-SFXS2LP1.4.0.0
2024-02-03 18:45:38,831 [WARN] PackLoader:240 - Cannot read IP mode file for STMicroelectronics.X-CUBE-AZRTOS-H7.3.0.0
2024-02-03 18:45:38,855 [WARN] PackLoader:240 - Cannot read IP mode file for STMicroelectronics.X-CUBE-ISPU.1.1.0
2024-02-03 18:45:38,876 [WARN] PackLoader:240 - Cannot read IP mode file for RoweBots.I-CUBE-UNISONRTOS.5.5.0-4
2024-02-03 18:45:38,892 [WARN] PackLoader:240 - Cannot read IP mode file for STMicroelectronics.X-CUBE-AI.8.0.0
2024-02-03 18:45:38,912 [WARN] ConditionMgr:438 - getConditionDescription Invalid condition id : UX DEVICE CLASS RTOS Condition cause : null
2024-02-03 18:45:38,913 [WARN] ConditionMgr:438 - getConditionDescription Invalid condition id : UX DEVICE CLASS RTOS Condition cause : null
2024-02-03 18:45:38,914 [WARN] PackLoader:240 - Cannot read IP mode file for STMicroelectronics.X-CUBE-AZRTOS-WB.2.0.0
2024-02-03 18:45:38,914 [WARN] ConditionMgr:1039 - genDependencies : Invalid condition id : UX DEVICE CLASS RTOS Condition cause : null
2024-02-03 18:45:38,914 [WARN] ConditionMgr:1039 - genDependencies : Invalid condition id : UX DEVICE CLASS RTOS Condition cause : null
2024-02-03 18:45:38,914 [WARN] ConditionMgr:1039 - genDependencies : Invalid condition id : UX DEVICE CLASS RTOS Condition cause : null
2024-02-03 18:45:38,915 [WARN] ConditionMgr:1039 - genDependencies : Invalid condition id : UX DEVICE CLASS RTOS Condition cause : null
2024-02-03 18:45:38,915 [WARN] ConditionMgr:1039 - genDependencies : Invalid condition id : UX DEVICE CLASS RTOS Condition cause : null
2024-02-03 18:45:38,927 [WARN] PackLoader:240 - Cannot read IP mode file for STMicroelectronics.X-CUBE-FREERTOS.1.0.0
2024-02-03 18:45:38,940 [WARN] PackLoader:240 - Cannot read IP mode file for STMicroelectronics.X-CUBE-FREERTOS.1.0.1
2024-02-03 18:45:38,968 [WARN] PackLoader:240 - Cannot read IP mode file for STMicroelectronics.X-CUBE-AZRTOS-L5.1.1.0
2024-02-03 18:45:38,983 [WARN] PackLoader:240 - Cannot read IP mode file for STMicroelectronics.X-CUBE-AI.8.0.1
2024-02-03 18:45:39,000 [WARN] PackLoader:240 - Cannot read IP mode file for STMicroelectronics.X-CUBE-SUBG2.5.0.0
2024-02-03 18:45:39,021 [WARN] PackLoader:240 - Cannot read IP mode file for STMicroelectronics.X-CUBE-TOF1.3.3.1
2024-02-03 18:45:39,050 [WARN] PackLoader:240 - Cannot read IP mode file for STMicroelectronics.X-CUBE-AZRTOS-G4.2.0.0
2024-02-03 18:45:39,066 [WARN] PackLoader:240 - Cannot read IP mode file for STMicroelectronics.X-CUBE-TOF1.3.3.0
2024-02-03 18:45:39,084 [WARN] PackLoader:240 - Cannot read IP mode file for STMicroelectronics.FP-ATR-ASTRA1.1.1.1
2024-02-03 18:45:39,106 [WARN] PackLoader:240 - Cannot read IP mode file for Infineon.AIROC-Wi-Fi-Bluetooth-STM32.1.5.1
2024-02-03 18:45:39,123 [WARN] PackLoader:240 - Cannot read IP mode file for STMicroelectronics.FP-SNS-MOTENVWB1.1.3.0
2024-02-03 18:45:39,139 [WARN] PackLoader:240 - Cannot read IP mode file for STMicroelectronics.FP-SNS-MOTENVWB1.1.3.1
2024-02-03 18:45:39,159 [WARN] PackLoader:240 - Cannot read IP mode file for STMicroelectronics.X-CUBE-AZRTOS-G4.1.0.0
2024-02-03 18:45:39,182 [WARN] PackLoader:240 - Cannot read IP mode file for STMicroelectronics.X-CUBE-AZRTOS-L4.1.0.0
2024-02-03 18:45:39,195 [WARN] PackLoader:240 - Cannot read IP mode file for STMicroelectronics.X-CUBE-ISPU.2.0.0
2024-02-03 18:45:39,231 [WARN] PackLoader:240 - Cannot read IP mode file for STMicroelectronics.X-CUBE-MEMS1.10.0.0
2024-02-03 18:45:39,303 [WARN] PackLoader:240 - Cannot read IP mode file for STMicroelectronics.X-CUBE-FREERTOS.1.1.0
2024-02-03 18:45:39,323 [WARN] PackLoader:240 - Cannot read IP mode file for STMicroelectronics.X-CUBE-AZRTOS-WL.1.0.0
2024-02-03 18:45:39,341 [WARN] PackLoader:240 - Cannot read IP mode file for portGmbH.I-Cube-SoM-uGOAL.1.1.0
2024-02-03 18:45:39,358 [WARN] PackLoader:240 - Cannot read IP mode file for STMicroelectronics.X-CUBE-ALS.1.0.1
2024-02-03 18:45:39,379 [WARN] PackLoader:240 - Cannot read IP mode file for STMicroelectronics.X-CUBE-AZRTOS-WB.1.1.0
2024-02-03 18:45:39,391 [WARN] PackLoader:240 - Cannot read IP mode file for STMicroelectronics.FP-ATR-ASTRA1.2.0.0
2024-02-03 18:45:39,409 [WARN] PackLoader:240 - Cannot read IP mode file for STMicroelectronics.X-CUBE-TOF1.3.4.0
2024-02-03 18:45:39,439 [WARN] PackLoader:240 - Cannot read IP mode file for STMicroelectronics.X-CUBE-AZRTOS-H7.3.2.0
2024-02-03 18:45:39,442 [INFO] ThirdParty:978 - Integrity check success = true
2024-02-03 18:45:39,442 [INFO] IntegrityCheckThread:100 - exiting critical section [integrity check]
2024-02-03 18:45:39,442 [INFO] IntegrityCheckThread:103 - End integrity checks thread
2024-02-03 18:45:40,273 [INFO] WebApp:161 - Instantiating new browser for Auth
2024-02-03 18:45:40,832 [INFO] WebApp:780 - Register for checkConnection events
2024-02-03 18:45:40,833 [INFO] WebApp:414 - Apply proxy settings
2024-02-03 18:45:40,833 [INFO] WebApp:499 - Chromium requires no authentication
2024-02-03 18:45:40,840 [INFO] WebApp:442 - Direct internet connection detected
2024-02-03 18:45:41,011 [INFO] WebApp:192 - Starting web application
2024-02-03 18:45:41,011 [INFO] WebApp:544 - Web application path used C:\ST\STM32CubeIDE_1.11.2\STM32CubeIDE\plugins\com.st.stm32cube.common.mx_6.10.0.202311202037\db\plugins\mcufinder\reactClient1\index.html
2024-02-03 18:45:54,914 [INFO] McuFinderGlobals:63 - Set McuFinder mode to 2 (CubeIDE integrated)
2024-02-03 18:45:54,939 [INFO] MainUpdater:2873 - connection check result : 10
2024-02-03 18:45:55,614 [INFO] ApiDb:581 - Connected to CubeFinder SQLite database (C:\Users\xboxw\.stmcufinder\plugins\mcufinder\mcu\cube-finder-db.db)
2024-02-03 18:45:55,694 [INFO] ApiDb:668 - CubeFinder database Data Model version=2.1
2024-02-03 18:45:55,694 [INFO] ApiDb:669 - CubeFinder database Configuration version=3.0.39
2024-02-03 18:45:55,695 [INFO] ApiDb:670 - CubeFinder database generation date=2024-01-11 (1704964531)
2024-02-03 18:45:55,695 [INFO] ApiDb:671 - CubeFinder database FW Pack versions=[FP-ATR-ASTRA1_V2.0.0, FP-SNS-FLIGHT1_V5.0.1, FP-SNS-FLIGHT1_V5.0.2, FP-SNS-MOTENV1_V4.3.1, FP-SNS-MOTENV1_V4.3.2, FP-SNS-MOTENVWB1_V1.3.1, FP-SNS-SMARTAG2_V1.2.0, STM32Cube_FW_C0_V1.1.0, STM32Cube_FW_F4_V1.28.0, STM32Cube_FW_F7_V1.17.0, STM32Cube_FW_G0_V1.6.2, STM32Cube_FW_G4_V1.5.2, STM32Cube_FW_H5_V0.5.1, STM32Cube_FW_H5_V1.1.1, STM32Cube_FW_H5_V1.2.0RC2, STM32Cube_FW_H7_V1.11.0, STM32Cube_FW_L0_V1.12.2, STM32Cube_FW_L5_V1.5.0, STM32Cube_FW_U5_V1.3.0RC4, STM32Cube_FW_U5_V1.4.0, STM32Cube_FW_WBA_V1.0.0RC1, STM32Cube_FW_WBA_V1.1.0RC1, STM32Cube_FW_WBA_V1.2.0, STM32Cube_FW_WBA_V1.2.0RC2, STM32Cube_FW_WB_V1.15.0RC1, STM32Cube_FW_WB_V1.16.0, STM32Cube_FW_WB_V1.16.0RC2, STM32Cube_FW_WB_V1.18.0, STM32Cube_FW_WL_V1.3.0, X-CUBE-ALGOBUILD_V1.3.0, X-CUBE-ALS_V1.0.1, X-CUBE-AZRTOS-F4_V1.1.0, X-CUBE-AZRTOS-F7_V1.1.0, X-CUBE-AZRTOS-G0_V1.1.0, X-CUBE-AZRTOS-G4_V2.0.0, X-CUBE-AZRTOS-H7_V3.2.0, X-CUBE-AZRTOS-L4_V1.0.0, X-CUBE-AZRTOS-L4_V2.0.0, X-CUBE-AZRTOS-L5_V1.1.0, X-CUBE-AZRTOS-WB_V2.0.0, X-CUBE-AZRTOS-WL_V2.0.0, X-CUBE-BLE1_V7.0.0, X-CUBE-BLE2_V3.3.0, X-CUBE-BLEMGR_V3.0.0, X-CUBE-EEPRMA1_V4.1.0, X-CUBE-EEPRMA1_V4.2.0, X-CUBE-FREERTOS_V1.1.0, X-CUBE-GNSS1_V6.0.0, X-CUBE-MEMS1_V10.0.0, X-CUBE-MEMS1_V9.1.0, X-CUBE-MEMS1_V9.4.0, X-CUBE-MEMS1_V9.6.0, X-CUBE-NFC4_V3.0.0, X-CUBE-NFC7_V1.0.1, X-CUBE-SFXS2LP1_V4.0.0, X-CUBE-SUBG2_V5.0.0, X-CUBE-TOF1_V3.4.0]
2024-02-03 18:45:55,843 [INFO] DbBoardsSqlite:226 - include board P-NUCLEO-WB55-NUCLEO as a kit item of type 'Nucleo-64'
2024-02-03 18:45:55,844 [INFO] DbBoardsSqlite:226 - include board P-NUCLEO-WB55-USBDONGLE as a kit item of type 'Nucleo USB Dongle'
2024-02-03 18:45:55,846 [INFO] DbBoardsSqlite:226 - include board STEVAL-IDP005V1 as a kit item of type 'Evaluation Board'
2024-02-03 18:45:55,847 [INFO] DbBoardsSqlite:226 - include board STEVAL-IDP005V2 as a kit item of type 'Evaluation Board'
2024-02-03 18:45:56,142 [INFO] ApiDb:240 - Found 371 in-development CPN: [B-G473E-ZEST1S, B-WB1M-WPAN1, B-WL5M-SUBG1, NUCLEO-C031C6, NUCLEO-H503RB, NUCLEO-H563ZI, NUCLEO-U545RE-Q, NUCLEO-U5A5ZJ-Q, NUCLEO-WBA52CG, NUCLEO-WBA55CG, STEVAL-MKBOXPRO, STEVAL-PROTEUS1, STEVAL-STWINBX1, STM320518-EVAL, STM32C0116-DK, STM32C011D6Y3TR, STM32C011D6Y6TR, STM32C011F4P3, STM32C011F4P6, STM32C011F4U3, STM32C011F4U6TR, STM32C011F6P3, STM32C011F6P6, STM32C011F6U3, STM32C011F6U6TR, STM32C011J4M3, STM32C011J4M6, STM32C011J6M3, STM32C011J6M6, STM32C0316-DK, STM32C031C4T3, STM32C031C4T6, STM32C031C4U3, STM32C031C4U6, STM32C031C6T3, STM32C031C6T6, STM32C031C6U3, STM32C031C6U6, STM32C031F4P3, STM32C031F4P6, STM32C031F6P3, STM32C031F6P6, STM32C031G4U3, STM32C031G4U6, STM32C031G6U3, STM32C031G6U6, STM32C031K4T3, STM32C031K4T6, STM32C031K4U3, STM32C031K4U6, STM32C031K6T3, STM32C031K6T6, STM32C031K6U3, STM32C031K6U6, STM32G071K8TXN, STM32G071K8UXN, STM32G081GBU6N, STM32G081KBT6N, STM32G081KBUXN, STM32G0B1CCT6N, STM32G0B1KCT6, STM32G0B1NEY6TR, STM32G0B1RCT6N, STM32G0C1CCT6, STM32G0C1CCT6N, STM32G0C1CCU6N, STM32G0C1CET6N, STM32G0C1CEU6N, STM32G0C1KCT6, STM32G0C1NEY6TR, STM32G0C1RCI6N, STM32G0C1RCT6N, STM32G0C1REI6N, STM32G0C1RET6N, STM32G0C1VCI6, STM32G0C1VEI6, STM32G471CCT6, STM32G471CCU6, STM32G471CET3, STM32G471CET6, STM32G471CEU3, STM32G471CEU6, STM32G471MCT6, STM32G471MET3, STM32G471MET6, STM32G471MEY6TR, STM32G471QCT6, STM32G471QET3, STM32G471RCT6, STM32G471RET3, STM32G471RET6, STM32G471VCH6, STM32G471VCI6, STM32G471VCT6, STM32G471VEH3, STM32G471VEH6, STM32G471VEI3, STM32G471VEI6, STM32G471VET3, STM32G471VET6, STM32G474CCT6, STM32H503CBT6, STM32H503CBU6, STM32H503EBY6TR, STM32H503KBU6, STM32H503RBT6, STM32H562AGI6, STM32H562AII6, STM32H562IGK6, STM32H562IGT6, STM32H562IIK6, STM32H562IIT6, STM32H562RGT6, STM32H562RGV6, STM32H562RIT6, STM32H562RIV6, STM32H562VGT6, STM32H562VIT6, STM32H562ZGT6, STM32H562ZIT6, STM32H563AGI6, STM32H563AII3Q, STM32H563AII6, STM32H563IGK6, STM32H563IGT6, STM32H563IIK3Q, STM32H563IIK6, STM32H563IIT3Q, STM32H563IIT6, STM32H563MIY3QTR, STM32H563RGT6, STM32H563RGV6, STM32H563RIT6, STM32H563RIV6, STM32H563VGT6, STM32H563VIT3Q, STM32H563VIT6, STM32H563ZGT6, STM32H563ZIT3Q, STM32H563ZIT6, STM32H573AII3Q, STM32H573AII6, STM32H573I-DK, STM32H573IIK3Q, STM32H573IIK6, STM32H573IIT3Q, STM32H573IIT6, STM32H573MIY3QTR, STM32H573RIT6, STM32H573RIV6, STM32H573VIT3Q, STM32H573VIT6, STM32H573ZIT3Q, STM32H573ZIT6, STM32L4R5QGI6STR, STM32MP131AAE3, STM32MP131AAF3, STM32MP131AAG3, STM32MP131CAE3, STM32MP131CAF3, STM32MP131CAG3, STM32MP131DAE7, STM32MP131DAF7, STM32MP131DAG7, STM32MP131FAE7, STM32MP131FAF7, STM32MP131FAG7, STM32MP133AAE3, STM32MP133AAF3, STM32MP133AAG3, STM32MP133CAE3, STM32MP133CAF3, STM32MP133CAG3, STM32MP133DAE7, STM32MP133DAF7, STM32MP133DAG7, STM32MP133FAE7, STM32MP133FAF7, STM32MP133FAG7, STM32MP135AAE3, STM32MP135AAF3, STM32MP135AAG3, STM32MP135CAE3, STM32MP135CAF3, STM32MP135CAG3, STM32MP135DAE7, STM32MP135DAF7, STM32MP135DAG7, STM32MP135F-DK, STM32MP135FAE7, STM32MP135FAF7, STM32MP135FAF7T, STM32MP135FAF7U, STM32MP135FAG7, STM32U535CBT6, STM32U535CBT6Q, STM32U535CBU6, STM32U535CBU6Q, STM32U535CCT6, STM32U535CCT6Q, STM32U535CCU6, STM32U535CCU6Q, STM32U535CET6, STM32U535CET6Q, STM32U535CEU6, STM32U535CEU6Q, STM32U535JEY6QTR, STM32U535NCY6QTR, STM32U535NEY6QTR, STM32U535RBI6, STM32U535RBI6Q, STM32U535RBT6, STM32U535RBT6Q, STM32U535RCI6, STM32U535RCI6Q, STM32U535RCT6, STM32U535RCT6Q, STM32U535REI6, STM32U535REI6Q, STM32U535RET6, STM32U535RET6Q, STM32U535VCI6, STM32U535VCI6Q, STM32U535VCT6, STM32U535VCT6Q, STM32U535VEI6, STM32U535VEI6Q, STM32U535VET6, STM32U535VET6Q, STM32U545CET6, STM32U545CET6Q, STM32U545CEU6, STM32U545CEU6Q, STM32U545JEY6QTR, STM32U545NEY6QTR, STM32U545REI6, STM32U545REI6Q, STM32U545RET6, STM32U545RET6Q, STM32U545VEI6, STM32U545VEI6Q, STM32U545VET6, STM32U545VET6Q, STM32U595AIH6, STM32U595AIH6Q, STM32U595AJH6, STM32U595AJH6Q, STM32U595QII6, STM32U595QII6Q, STM32U595QJI6, STM32U595QJI6Q, STM32U595RIT6, STM32U595RIT6Q, STM32U595RJT6, STM32U595RJT6Q, STM32U595VIT6, STM32U595VIT6Q, STM32U595VJT6, STM32U595VJT6Q, STM32U595ZIT6, STM32U595ZIT6Q, STM32U595ZIY6QTR, STM32U595ZJT6, STM32U595ZJT6Q, STM32U595ZJY6QTR, STM32U599BJY6QTR, STM32U599NIH6Q, STM32U599NJH6Q, STM32U599VIT6Q, STM32U599VJT6, STM32U599VJT6Q, STM32U599ZIT6Q, STM32U599ZIY6QTR, STM32U599ZJT6Q, STM32U599ZJY6QTR, STM32U5A5AJH6, STM32U5A5AJH6Q, STM32U5A5QJI6, STM32U5A5QJI6Q, STM32U5A5RJT6, STM32U5A5RJT6Q, STM32U5A5VJT6, STM32U5A5VJT6Q, STM32U5A5ZJT6, STM32U5A5ZJT6Q, STM32U5A5ZJY6QTR, STM32U5A9BJY6QTR, STM32U5A9J-DK, STM32U5A9NJH6Q, STM32U5A9VJT6Q, STM32U5A9ZJT6Q, STM32U5A9ZJY6QTR, STM32U5F7VIT6, STM32U5F7VIT6Q, STM32U5F7VJT6, STM32U5F7VJT6Q, STM32U5F9BJY6QTR, STM32U5F9NJH6Q, STM32U5F9VIT6Q, STM32U5F9VJT6Q, STM32U5F9ZIJ6QTR, STM32U5F9ZIT6Q, STM32U5F9ZJJ6QTR, STM32U5F9ZJT6Q, STM32U5G7VJT6, STM32U5G7VJT6Q, STM32U5G9BJY6QTR, STM32U5G9J-DK1, STM32U5G9J-DK2, STM32U5G9NJH6Q, STM32U5G9VJT6Q, STM32U5G9ZJJ6QTR, STM32U5G9ZJT6Q, STM32WB1MMCH6, STM32WBA50KEU6, STM32WBA50KEU6TR, STM32WBA50KGU6, STM32WBA50KGU6TR, STM32WBA52CEU6, STM32WBA52CEU6TR, STM32WBA52CEU7, STM32WBA52CEU7TR, STM32WBA52CGU6, STM32WBA52CGU6TR, STM32WBA52CGU6U, STM32WBA52CGU7, STM32WBA52CGU7TR, STM32WBA52KEU6, STM32WBA52KEU6TR, STM32WBA52KGU6, STM32WBA52KGU6TR, STM32WBA54CEU6, STM32WBA54CEU6TR, STM32WBA54CEU7, STM32WBA54CEU7TR, STM32WBA54CGU6, STM32WBA54CGU6TR, STM32WBA54CGU7, STM32WBA54CGU7TR, STM32WBA54KEU6, STM32WBA54KEU6TR, STM32WBA54KEU7, STM32WBA54KEU7TR, STM32WBA54KGU6, STM32WBA54KGU6TR, STM32WBA54KGU7, STM32WBA54KGU7TR, STM32WBA55CEU6, STM32WBA55CEU6TR, STM32WBA55CEU7, STM32WBA55CEU7TR, STM32WBA55CGU6, STM32WBA55CGU6TR, STM32WBA55CGU6U, STM32WBA55CGU7, STM32WBA55CGU7TR, STM32WBA55G-DK1, STM32WBA55HEF6, STM32WBA55HEF7, STM32WBA55HGF6, STM32WBA55HGF7, STM32WBA55UEI6, STM32WBA55UEI6TR, STM32WBA55UEI7, STM32WBA55UEI7TR, STM32WBA55UGI6, STM32WBA55UGI6TR, STM32WBA55UGI7, STM32WBA55UGI7TR, STM32WL5MOCH6, STM32WL5MOCH6TR]
2024-02-03 18:45:56,278 [INFO] BoardInfo:889 - No configuration file found for board P-NUCLEO-WB55
2024-02-03 18:45:56,278 [INFO] DbBoards:161 - Kit is not supported: P-NUCLEO-WB55
2024-02-03 18:45:56,284 [INFO] BoardInfo:889 - No configuration file found for board STEVAL-BFA001V1B
2024-02-03 18:45:56,284 [INFO] DbBoards:161 - Kit is not supported: STEVAL-BFA001V1B
2024-02-03 18:45:56,285 [INFO] BoardInfo:889 - No configuration file found for board STEVAL-BFA001V2B
2024-02-03 18:45:56,286 [INFO] DbBoards:161 - Kit is not supported: STEVAL-BFA001V2B
2024-02-03 18:45:56,412 [INFO] DbBoards:168 - Found 193 boards, 190 are supported
2024-02-03 18:45:56,413 [INFO] DbBoards:169 - Found 193 boards, 3 of them is supported for  Bsp
2024-02-03 18:45:56,418 [INFO] ApiDb:668 - CubeFinder database Data Model version=2.1
2024-02-03 18:45:56,418 [INFO] ApiDb:669 - CubeFinder database Configuration version=3.0.39
2024-02-03 18:45:56,418 [INFO] ApiDb:670 - CubeFinder database generation date=2024-01-11 (1704964531)
2024-02-03 18:45:56,418 [INFO] ApiDb:671 - CubeFinder database FW Pack versions=[FP-ATR-ASTRA1_V2.0.0, FP-SNS-FLIGHT1_V5.0.1, FP-SNS-FLIGHT1_V5.0.2, FP-SNS-MOTENV1_V4.3.1, FP-SNS-MOTENV1_V4.3.2, FP-SNS-MOTENVWB1_V1.3.1, FP-SNS-SMARTAG2_V1.2.0, STM32Cube_FW_C0_V1.1.0, STM32Cube_FW_F4_V1.28.0, STM32Cube_FW_F7_V1.17.0, STM32Cube_FW_G0_V1.6.2, STM32Cube_FW_G4_V1.5.2, STM32Cube_FW_H5_V0.5.1, STM32Cube_FW_H5_V1.1.1, STM32Cube_FW_H5_V1.2.0RC2, STM32Cube_FW_H7_V1.11.0, STM32Cube_FW_L0_V1.12.2, STM32Cube_FW_L5_V1.5.0, STM32Cube_FW_U5_V1.3.0RC4, STM32Cube_FW_U5_V1.4.0, STM32Cube_FW_WBA_V1.0.0RC1, STM32Cube_FW_WBA_V1.1.0RC1, STM32Cube_FW_WBA_V1.2.0, STM32Cube_FW_WBA_V1.2.0RC2, STM32Cube_FW_WB_V1.15.0RC1, STM32Cube_FW_WB_V1.16.0, STM32Cube_FW_WB_V1.16.0RC2, STM32Cube_FW_WB_V1.18.0, STM32Cube_FW_WL_V1.3.0, X-CUBE-ALGOBUILD_V1.3.0, X-CUBE-ALS_V1.0.1, X-CUBE-AZRTOS-F4_V1.1.0, X-CUBE-AZRTOS-F7_V1.1.0, X-CUBE-AZRTOS-G0_V1.1.0, X-CUBE-AZRTOS-G4_V2.0.0, X-CUBE-AZRTOS-H7_V3.2.0, X-CUBE-AZRTOS-L4_V1.0.0, X-CUBE-AZRTOS-L4_V2.0.0, X-CUBE-AZRTOS-L5_V1.1.0, X-CUBE-AZRTOS-WB_V2.0.0, X-CUBE-AZRTOS-WL_V2.0.0, X-CUBE-BLE1_V7.0.0, X-CUBE-BLE2_V3.3.0, X-CUBE-BLEMGR_V3.0.0, X-CUBE-EEPRMA1_V4.1.0, X-CUBE-EEPRMA1_V4.2.0, X-CUBE-FREERTOS_V1.1.0, X-CUBE-GNSS1_V6.0.0, X-CUBE-MEMS1_V10.0.0, X-CUBE-MEMS1_V9.1.0, X-CUBE-MEMS1_V9.4.0, X-CUBE-MEMS1_V9.6.0, X-CUBE-NFC4_V3.0.0, X-CUBE-NFC7_V1.0.1, X-CUBE-SFXS2LP1_V4.0.0, X-CUBE-SUBG2_V5.0.0, X-CUBE-TOF1_V3.4.0]
2024-02-03 18:45:57,790 [INFO] ApiDb:240 - Found 371 in-development CPN: [B-G473E-ZEST1S, B-WB1M-WPAN1, B-WL5M-SUBG1, NUCLEO-C031C6, NUCLEO-H503RB, NUCLEO-H563ZI, NUCLEO-U545RE-Q, NUCLEO-U5A5ZJ-Q, NUCLEO-WBA52CG, NUCLEO-WBA55CG, STEVAL-MKBOXPRO, STEVAL-PROTEUS1, STEVAL-STWINBX1, STM320518-EVAL, STM32C0116-DK, STM32C011D6Y3TR, STM32C011D6Y6TR, STM32C011F4P3, STM32C011F4P6, STM32C011F4U3, STM32C011F4U6TR, STM32C011F6P3, STM32C011F6P6, STM32C011F6U3, STM32C011F6U6TR, STM32C011J4M3, STM32C011J4M6, STM32C011J6M3, STM32C011J6M6, STM32C0316-DK, STM32C031C4T3, STM32C031C4T6, STM32C031C4U3, STM32C031C4U6, STM32C031C6T3, STM32C031C6T6, STM32C031C6U3, STM32C031C6U6, STM32C031F4P3, STM32C031F4P6, STM32C031F6P3, STM32C031F6P6, STM32C031G4U3, STM32C031G4U6, STM32C031G6U3, STM32C031G6U6, STM32C031K4T3, STM32C031K4T6, STM32C031K4U3, STM32C031K4U6, STM32C031K6T3, STM32C031K6T6, STM32C031K6U3, STM32C031K6U6, STM32G071K8TXN, STM32G071K8UXN, STM32G081GBU6N, STM32G081KBT6N, STM32G081KBUXN, STM32G0B1CCT6N, STM32G0B1KCT6, STM32G0B1NEY6TR, STM32G0B1RCT6N, STM32G0C1CCT6, STM32G0C1CCT6N, STM32G0C1CCU6N, STM32G0C1CET6N, STM32G0C1CEU6N, STM32G0C1KCT6, STM32G0C1NEY6TR, STM32G0C1RCI6N, STM32G0C1RCT6N, STM32G0C1REI6N, STM32G0C1RET6N, STM32G0C1VCI6, STM32G0C1VEI6, STM32G471CCT6, STM32G471CCU6, STM32G471CET3, STM32G471CET6, STM32G471CEU3, STM32G471CEU6, STM32G471MCT6, STM32G471MET3, STM32G471MET6, STM32G471MEY6TR, STM32G471QCT6, STM32G471QET3, STM32G471RCT6, STM32G471RET3, STM32G471RET6, STM32G471VCH6, STM32G471VCI6, STM32G471VCT6, STM32G471VEH3, STM32G471VEH6, STM32G471VEI3, STM32G471VEI6, STM32G471VET3, STM32G471VET6, STM32G474CCT6, STM32H503CBT6, STM32H503CBU6, STM32H503EBY6TR, STM32H503KBU6, STM32H503RBT6, STM32H562AGI6, STM32H562AII6, STM32H562IGK6, STM32H562IGT6, STM32H562IIK6, STM32H562IIT6, STM32H562RGT6, STM32H562RGV6, STM32H562RIT6, STM32H562RIV6, STM32H562VGT6, STM32H562VIT6, STM32H562ZGT6, STM32H562ZIT6, STM32H563AGI6, STM32H563AII3Q, STM32H563AII6, STM32H563IGK6, STM32H563IGT6, STM32H563IIK3Q, STM32H563IIK6, STM32H563IIT3Q, STM32H563IIT6, STM32H563MIY3QTR, STM32H563RGT6, STM32H563RGV6, STM32H563RIT6, STM32H563RIV6, STM32H563VGT6, STM32H563VIT3Q, STM32H563VIT6, STM32H563ZGT6, STM32H563ZIT3Q, STM32H563ZIT6, STM32H573AII3Q, STM32H573AII6, STM32H573I-DK, STM32H573IIK3Q, STM32H573IIK6, STM32H573IIT3Q, STM32H573IIT6, STM32H573MIY3QTR, STM32H573RIT6, STM32H573RIV6, STM32H573VIT3Q, STM32H573VIT6, STM32H573ZIT3Q, STM32H573ZIT6, STM32L4R5QGI6STR, STM32MP131AAE3, STM32MP131AAF3, STM32MP131AAG3, STM32MP131CAE3, STM32MP131CAF3, STM32MP131CAG3, STM32MP131DAE7, STM32MP131DAF7, STM32MP131DAG7, STM32MP131FAE7, STM32MP131FAF7, STM32MP131FAG7, STM32MP133AAE3, STM32MP133AAF3, STM32MP133AAG3, STM32MP133CAE3, STM32MP133CAF3, STM32MP133CAG3, STM32MP133DAE7, STM32MP133DAF7, STM32MP133DAG7, STM32MP133FAE7, STM32MP133FAF7, STM32MP133FAG7, STM32MP135AAE3, STM32MP135AAF3, STM32MP135AAG3, STM32MP135CAE3, STM32MP135CAF3, STM32MP135CAG3, STM32MP135DAE7, STM32MP135DAF7, STM32MP135DAG7, STM32MP135F-DK, STM32MP135FAE7, STM32MP135FAF7, STM32MP135FAF7T, STM32MP135FAF7U, STM32MP135FAG7, STM32U535CBT6, STM32U535CBT6Q, STM32U535CBU6, STM32U535CBU6Q, STM32U535CCT6, STM32U535CCT6Q, STM32U535CCU6, STM32U535CCU6Q, STM32U535CET6, STM32U535CET6Q, STM32U535CEU6, STM32U535CEU6Q, STM32U535JEY6QTR, STM32U535NCY6QTR, STM32U535NEY6QTR, STM32U535RBI6, STM32U535RBI6Q, STM32U535RBT6, STM32U535RBT6Q, STM32U535RCI6, STM32U535RCI6Q, STM32U535RCT6, STM32U535RCT6Q, STM32U535REI6, STM32U535REI6Q, STM32U535RET6, STM32U535RET6Q, STM32U535VCI6, STM32U535VCI6Q, STM32U535VCT6, STM32U535VCT6Q, STM32U535VEI6, STM32U535VEI6Q, STM32U535VET6, STM32U535VET6Q, STM32U545CET6, STM32U545CET6Q, STM32U545CEU6, STM32U545CEU6Q, STM32U545JEY6QTR, STM32U545NEY6QTR, STM32U545REI6, STM32U545REI6Q, STM32U545RET6, STM32U545RET6Q, STM32U545VEI6, STM32U545VEI6Q, STM32U545VET6, STM32U545VET6Q, STM32U595AIH6, STM32U595AIH6Q, STM32U595AJH6, STM32U595AJH6Q, STM32U595QII6, STM32U595QII6Q, STM32U595QJI6, STM32U595QJI6Q, STM32U595RIT6, STM32U595RIT6Q, STM32U595RJT6, STM32U595RJT6Q, STM32U595VIT6, STM32U595VIT6Q, STM32U595VJT6, STM32U595VJT6Q, STM32U595ZIT6, STM32U595ZIT6Q, STM32U595ZIY6QTR, STM32U595ZJT6, STM32U595ZJT6Q, STM32U595ZJY6QTR, STM32U599BJY6QTR, STM32U599NIH6Q, STM32U599NJH6Q, STM32U599VIT6Q, STM32U599VJT6, STM32U599VJT6Q, STM32U599ZIT6Q, STM32U599ZIY6QTR, STM32U599ZJT6Q, STM32U599ZJY6QTR, STM32U5A5AJH6, STM32U5A5AJH6Q, STM32U5A5QJI6, STM32U5A5QJI6Q, STM32U5A5RJT6, STM32U5A5RJT6Q, STM32U5A5VJT6, STM32U5A5VJT6Q, STM32U5A5ZJT6, STM32U5A5ZJT6Q, STM32U5A5ZJY6QTR, STM32U5A9BJY6QTR, STM32U5A9J-DK, STM32U5A9NJH6Q, STM32U5A9VJT6Q, STM32U5A9ZJT6Q, STM32U5A9ZJY6QTR, STM32U5F7VIT6, STM32U5F7VIT6Q, STM32U5F7VJT6, STM32U5F7VJT6Q, STM32U5F9BJY6QTR, STM32U5F9NJH6Q, STM32U5F9VIT6Q, STM32U5F9VJT6Q, STM32U5F9ZIJ6QTR, STM32U5F9ZIT6Q, STM32U5F9ZJJ6QTR, STM32U5F9ZJT6Q, STM32U5G7VJT6, STM32U5G7VJT6Q, STM32U5G9BJY6QTR, STM32U5G9J-DK1, STM32U5G9J-DK2, STM32U5G9NJH6Q, STM32U5G9VJT6Q, STM32U5G9ZJJ6QTR, STM32U5G9ZJT6Q, STM32WB1MMCH6, STM32WBA50KEU6, STM32WBA50KEU6TR, STM32WBA50KGU6, STM32WBA50KGU6TR, STM32WBA52CEU6, STM32WBA52CEU6TR, STM32WBA52CEU7, STM32WBA52CEU7TR, STM32WBA52CGU6, STM32WBA52CGU6TR, STM32WBA52CGU6U, STM32WBA52CGU7, STM32WBA52CGU7TR, STM32WBA52KEU6, STM32WBA52KEU6TR, STM32WBA52KGU6, STM32WBA52KGU6TR, STM32WBA54CEU6, STM32WBA54CEU6TR, STM32WBA54CEU7, STM32WBA54CEU7TR, STM32WBA54CGU6, STM32WBA54CGU6TR, STM32WBA54CGU7, STM32WBA54CGU7TR, STM32WBA54KEU6, STM32WBA54KEU6TR, STM32WBA54KEU7, STM32WBA54KEU7TR, STM32WBA54KGU6, STM32WBA54KGU6TR, STM32WBA54KGU7, STM32WBA54KGU7TR, STM32WBA55CEU6, STM32WBA55CEU6TR, STM32WBA55CEU7, STM32WBA55CEU7TR, STM32WBA55CGU6, STM32WBA55CGU6TR, STM32WBA55CGU6U, STM32WBA55CGU7, STM32WBA55CGU7TR, STM32WBA55G-DK1, STM32WBA55HEF6, STM32WBA55HEF7, STM32WBA55HGF6, STM32WBA55HGF7, STM32WBA55UEI6, STM32WBA55UEI6TR, STM32WBA55UEI7, STM32WBA55UEI7TR, STM32WBA55UGI6, STM32WBA55UGI6TR, STM32WBA55UGI7, STM32WBA55UGI7TR, STM32WL5MOCH6, STM32WL5MOCH6TR]
2024-02-03 18:45:57,795 [INFO] DbMcus:218 - Found 3930 MCUs, 3930 are supported
2024-02-03 18:45:57,796 [INFO] ApiDb:423 - Load user favorites file C:\Users\xboxw/.stm32cubeide/favorites.mcus.txt: 0 item(s)
2024-02-03 18:45:57,797 [INFO] ApiDb:427 - User favorites MCUs=[]
2024-02-03 18:45:57,797 [INFO] DbMcus:224 - Set 0 / 0 favorites MCUs
2024-02-03 18:45:57,948 [INFO] ApiDb:414 - User favorites file not found: C:\Users\xboxw/.stm32cubeide/favorites.boards.txt
2024-02-03 18:45:57,948 [INFO] DbBoards:198 - Set 0 / 0 favorites Boards
2024-02-03 18:45:57,948 [INFO] McuFinderGlobals:76 - Set McuFinderConnectedMode to true
2024-02-03 18:45:57,957 [INFO] MultiScanPanel:200 - Auto-refresh data requested => check proxy status ongoing
2024-02-03 18:45:57,960 [INFO] FinderPluginLoader:95 - Searching for filters in installed packs
2024-02-03 18:45:59,140 [INFO] LoadUrlFilesThread:185 - End of LoadServerUrlFiles without Thread
2024-02-03 18:45:59,152 [INFO] DetailPanel:341 - Set advertising image to C:/Users/xboxw/STM32Cube/Repository/\en.prom-stm32wl3-mcu-finder.jpg
2024-02-03 18:46:02,173 [ERROR] LogOutputStream:75 - [STDERR_REDIRECT] SLF4J: Failed to load class "org.slf4j.impl.StaticLoggerBinder".
2024-02-03 18:46:02,174 [ERROR] LogOutputStream:75 - [STDERR_REDIRECT] SLF4J: Defaulting to no-operation (NOP) logger implementation
2024-02-03 18:46:02,175 [ERROR] LogOutputStream:75 - [STDERR_REDIRECT] SLF4J: See http://www.slf4j.org/codes.html#StaticLoggerBinder for further details.
2024-02-03 18:47:51,905 [INFO] McuFinderGlobals:76 - Set McuFinderConnectedMode to true
2024-02-03 18:47:51,908 [INFO] ApiDb:448 - Save user favorites file C:\Users\xboxw/.stm32cubeide/favorites.mcus.txt: 0 item(s)
2024-02-03 18:47:51,909 [INFO] ApiDb:452 - User favorites MCUs=[]
