2024-02-02 01:19:57,340 [INFO] MainUpdater:2873 - connection check result : 10
2024-02-02 01:19:57,465 [INFO] McuFinderGlobals:76 - Set McuFinderConnectedMode to true
2024-02-02 01:19:57,467 [INFO] MultiScanPanel:200 - Auto-refresh data requested => check proxy status ongoing
2024-02-02 01:19:57,468 [INFO] FinderPluginLoader:95 - Searching for filters in installed packs
2024-02-02 01:19:58,764 [INFO] LoadUrlFilesThread:185 - End of LoadServerUrlFiles without Thread
2024-02-02 01:19:58,765 [INFO] DetailPanel:341 - Set advertising image to C:/Users/xboxw/STM32Cube/Repository/\en.prom-stm32wl3-mcu-finder.jpg
2024-02-02 01:20:17,041 [INFO] MainUpdater:2873 - connection check result : 10
2024-02-02 01:20:17,041 [INFO] MainUpdater:2873 - connection check result : 10
2024-02-02 01:20:17,085 [INFO] MicroXplorer:468 - Change Database Path : 
2024-02-02 01:20:17,085 [INFO] MicroXplorer:498 - Change Database Version : DB.6.0.100
2024-02-02 01:20:17,103 [ERROR] ProjectManagerView:394 - 
java.lang.NullPointerException: Cannot invoke "javax.swing.JTextField.getText()" because the return value of "java.util.List.get(int)" is null
	at com.st.microxplorer.plugins.projectmanager.gui.ProjectChoiceTab$10.caretUpdate(ProjectChoiceTab.java:2493) ~[filemanager.jar:?]
	at javax.swing.text.JTextComponent.fireCaretUpdate(JTextComponent.java:412) ~[?:?]
	at javax.swing.text.JTextComponent$MutableCaretEvent.fire(JTextComponent.java:4491) ~[?:?]
	at javax.swing.text.JTextComponent$MutableCaretEvent.stateChanged(JTextComponent.java:4513) ~[?:?]
	at javax.swing.text.DefaultCaret.fireStateChanged(DefaultCaret.java:842) ~[?:?]
	at javax.swing.text.DefaultCaret.changeCaretPosition(DefaultCaret.java:1313) ~[?:?]
	at javax.swing.text.DefaultCaret.handleSetDot(DefaultCaret.java:1212) ~[?:?]
	at javax.swing.text.DefaultCaret.setDot(DefaultCaret.java:1193) ~[?:?]
	at javax.swing.text.DefaultCaret$Handler.insertUpdate(DefaultCaret.java:1789) ~[?:?]
	at javax.swing.text.AbstractDocument.fireInsertUpdate(AbstractDocument.java:226) ~[?:?]
	at javax.swing.text.AbstractDocument.handleInsertString(AbstractDocument.java:780) ~[?:?]
	at javax.swing.text.AbstractDocument.insertString(AbstractDocument.java:739) ~[?:?]
	at javax.swing.text.PlainDocument.insertString(PlainDocument.java:131) ~[?:?]
	at javax.swing.text.AbstractDocument.replace(AbstractDocument.java:698) ~[?:?]
	at javax.swing.text.JTextComponent.setText(JTextComponent.java:1729) ~[?:?]
	at com.st.microxplorer.plugins.projectmanager.gui.ProjectChoiceTab.createHeapStackFields(ProjectChoiceTab.java:933) ~[filemanager.jar:?]
	at com.st.microxplorer.plugins.projectmanager.gui.ProjectChoiceTab.buildLinkSettingsPanel(ProjectChoiceTab.java:3426) ~[filemanager.jar:?]
	at com.st.microxplorer.plugins.projectmanager.gui.ProjectChoiceTab.defineWindowsFields(ProjectChoiceTab.java:1813) ~[filemanager.jar:?]
	at com.st.microxplorer.plugins.projectmanager.gui.ProjectChoiceTab.updateSettings(ProjectChoiceTab.java:533) ~[filemanager.jar:?]
	at com.st.microxplorer.plugins.projectmanager.gui.ProjectSettingsPanel.UpdateDialog(ProjectSettingsPanel.java:244) ~[filemanager.jar:?]
	at com.st.microxplorer.plugins.projectmanager.ProjectManagerView.propertyChange(ProjectManagerView.java:391) ~[filemanager.jar:?]
	at java.beans.PropertyChangeSupport.fire(PropertyChangeSupport.java:343) ~[?:?]
	at java.beans.PropertyChangeSupport.firePropertyChange(PropertyChangeSupport.java:335) ~[?:?]
	at java.beans.PropertyChangeSupport.firePropertyChange(PropertyChangeSupport.java:268) ~[?:?]
	at com.st.microxplorer.util.MXPropertyChangeSupport.firePropertyChange(MXPropertyChangeSupport.java:54) ~[STM32CubeMX.jar:?]
	at com.st.microxplorer.mxsystem.MxSystem.closeConfig(MxSystem.java:900) ~[STM32CubeMX.jar:?]
	at com.st.microxplorer.maingui.MainPanel.closeConfig(MainPanel.java:776) ~[STM32CubeMX.jar:?]
	at com.st.microxplorer.plugins.filemanager.engine.OpenFileManager.loadConfigurationFile(OpenFileManager.java:245) ~[filemanager.jar:?]
	at com.st.microxplorer.plugins.filemanager.engine.MainFileManager.userLoadConfig(MainFileManager.java:290) ~[filemanager.jar:?]
	at com.st.microxplorer.plugins.filemanager.FileManagerView.getSpecificTask(FileManagerView.java:247) ~[filemanager.jar:?]
	at com.st.stm32cube.common.mx.editor.CubeMxEditor.getMxTabbedPaneInstance(CubeMxEditor.java:1184) ~[com.st.stm32cube.common.mx_6.10.0.202311202037/:?]
	at com.st.stm32cube.common.mx.editor.CubeMxEditor$12$1.createSwingComponent(CubeMxEditor.java:1065) ~[com.st.stm32cube.common.mx_6.10.0.202311202037/:?]
	at com.st.stm32cube.common.mx.oss.core.awtswtbridge.EmbeddedSwingComposite.doComponentCreation(EmbeddedSwingComposite.java:492) ~[com.st.stm32cube.common.mx.oss_6.10.0.202311202037/:?]
	at com.st.stm32cube.common.mx.oss.core.awtswtbridge.EmbeddedSwingComposite$4.run(EmbeddedSwingComposite.java:291) ~[com.st.stm32cube.common.mx.oss_6.10.0.202311202037/:?]
	at com.st.stm32cube.common.mx.oss.core.awtswtbridge.AwtEnvironment$2.run(AwtEnvironment.java:166) ~[com.st.stm32cube.common.mx.oss_6.10.0.202311202037/:?]
	at java.awt.event.InvocationEvent.dispatch(InvocationEvent.java:318) ~[?:?]
	at java.awt.EventQueue.dispatchEventImpl(EventQueue.java:773) ~[?:?]
	at java.awt.EventQueue$4.run(EventQueue.java:720) ~[?:?]
	at java.awt.EventQueue$4.run(EventQueue.java:714) ~[?:?]
	at java.security.AccessController.doPrivileged(AccessController.java:399) ~[?:?]
	at java.security.ProtectionDomain$JavaSecurityAccessImpl.doIntersectionPrivilege(ProtectionDomain.java:86) ~[?:?]
	at java.awt.EventQueue.dispatchEvent(EventQueue.java:742) ~[?:?]
	at java.awt.EventDispatchThread.pumpOneEventForFilters(EventDispatchThread.java:203) ~[?:?]
	at java.awt.EventDispatchThread.pumpEventsForFilter(EventDispatchThread.java:124) ~[?:?]
	at java.awt.EventDispatchThread.pumpEventsForHierarchy(EventDispatchThread.java:113) ~[?:?]
	at java.awt.EventDispatchThread.pumpEvents(EventDispatchThread.java:109) ~[?:?]
	at java.awt.EventDispatchThread.pumpEvents(EventDispatchThread.java:101) ~[?:?]
	at java.awt.EventDispatchThread.run(EventDispatchThread.java:90) ~[?:?]
2024-02-02 01:20:17,105 [WARN] ThirdParty:871 - waiting for thirdparty lock release [close project]
2024-02-02 01:20:17,105 [INFO] ThirdParty:873 - entering critical section [close project]
2024-02-02 01:20:17,106 [INFO] ThirdParty:883 - exiting critical section [close project]
2024-02-02 01:20:17,108 [INFO] PinOutPanel:1499 - setPackage(No Configuration,No Configuration)
2024-02-02 01:20:17,115 [WARN] IpParametersView:151 - Warning: This peripheral hasn't parameters
2024-02-02 01:20:17,119 [WARN] MainPanel:272 - <html><b><center>Warning: This peripheral has no parameters to be configured<br></b></html>
2024-02-02 01:20:17,122 [INFO] UtilMem:75 - Begin LoadConfig() Used Memory: 741480008 Bytes (1073741824)
2024-02-02 01:20:17,122 [INFO] MicroXplorer:468 - Change Database Path : 
2024-02-02 01:20:17,122 [INFO] MicroXplorer:498 - Change Database Version : DB.6.0.100
2024-02-02 01:20:17,123 [INFO] OpenFileManager:312 - Change cursor
2024-02-02 01:20:17,150 [INFO] RulesReader:64 - Compatibility file has been processed (297 Rules)
2024-02-02 01:20:17,156 [INFO] Mcu:2016 - Initializing MCU STM32F407VETx STM32F407VETx STM32F407VET6
2024-02-02 01:20:18,275 [INFO] Context:659 - Trying to add GPIOservice into a context  which must be forbidden
2024-02-02 01:20:18,496 [INFO] ImportTextPane:194 - (OptionalMessage_ERROR) Unable to find key (Mcu.ThirdPartyNb) in loaded IOC file
2024-02-02 01:20:18,496 [INFO] ImportTextPane:194 - (OptionalMessage_ERROR) Unable to find key (Mcu.PinsNb) in loaded IOC file
2024-02-02 01:20:18,496 [INFO] ImportTextPane:194 - (OptionalMessage_ERROR) Unable to find key (Mcu.IPNb) in loaded IOC file
2024-02-02 01:20:18,556 [INFO] RtosManager:555 - Registered RTOS mode: class=CMSIS, group=RTOS, mode=CMSIS_V1, owner=FREERTOS
2024-02-02 01:20:18,556 [INFO] RtosManager:555 - Registered RTOS mode: class=CMSIS, group=RTOS2, mode=CMSIS_V2, owner=FREERTOS
2024-02-02 01:20:18,556 [INFO] RtosManager:555 - Registered RTOS mode: class=RTOS, group=Core, mode=CMSIS_V1, owner=FREERTOS
2024-02-02 01:20:18,556 [INFO] RtosManager:555 - Registered RTOS mode: class=RTOS, group=Core, mode=CMSIS_V2, owner=FREERTOS
2024-02-02 01:20:18,556 [WARN] ModelIntegratedComponent:184 - Missing modes for component STMicroelectronics:FreeRTOS:0.0.1:STMicroelectronics:RTOS:FreeRTOS:Core:::10.2.0:
2024-02-02 01:20:18,565 [WARN] ModelIntegratedComponent:63 - No mode defined for component null
2024-02-02 01:20:18,565 [WARN] ModelIntegratedComponent:63 - No mode defined for component null
2024-02-02 01:20:18,565 [WARN] ModelIntegratedComponent:63 - No mode defined for component null
2024-02-02 01:20:18,565 [WARN] ModelIntegratedComponent:63 - No mode defined for component null
2024-02-02 01:20:18,565 [WARN] ModelIntegratedComponent:63 - No mode defined for component null
2024-02-02 01:20:18,565 [WARN] ModelIntegratedComponent:63 - No mode defined for component null
2024-02-02 01:20:18,565 [WARN] ModelIntegratedComponent:63 - No mode defined for component null
2024-02-02 01:20:18,565 [WARN] ModelIntegratedComponent:63 - No mode defined for component null
2024-02-02 01:20:18,565 [WARN] ModelIntegratedComponent:63 - No mode defined for component null
2024-02-02 01:20:18,565 [WARN] ModelIntegratedComponent:63 - No mode defined for component null
2024-02-02 01:20:18,565 [WARN] ModelIntegratedComponent:63 - No mode defined for component null
2024-02-02 01:20:18,565 [WARN] ModelIntegratedComponent:63 - No mode defined for component null
2024-02-02 01:20:18,565 [WARN] ModelIntegratedComponent:63 - No mode defined for component null
2024-02-02 01:20:18,565 [WARN] ModelIntegratedComponent:63 - No mode defined for component null
2024-02-02 01:20:18,565 [WARN] ModelIntegratedComponent:63 - No mode defined for component null
2024-02-02 01:20:18,565 [WARN] ModelIntegratedComponent:63 - No mode defined for component null
2024-02-02 01:20:18,565 [WARN] ModelIntegratedComponent:63 - No mode defined for component null
2024-02-02 01:20:18,565 [WARN] ModelIntegratedComponent:63 - No mode defined for component null
2024-02-02 01:20:18,565 [WARN] ModelIntegratedComponent:63 - No mode defined for component null
2024-02-02 01:20:18,565 [WARN] ModelIntegratedComponent:63 - No mode defined for component null
2024-02-02 01:20:18,565 [WARN] ModelIntegratedComponent:63 - No mode defined for component null
2024-02-02 01:20:18,565 [WARN] ModelIntegratedComponent:63 - No mode defined for component null
2024-02-02 01:20:18,565 [WARN] ModelIntegratedComponent:63 - No mode defined for component null
2024-02-02 01:20:18,565 [WARN] ModelIntegratedComponent:63 - No mode defined for component null
2024-02-02 01:20:18,565 [WARN] ModelIntegratedComponent:63 - No mode defined for component null
2024-02-02 01:20:18,565 [WARN] ModelIntegratedComponent:63 - No mode defined for component null
2024-02-02 01:20:18,565 [WARN] ModelIntegratedComponent:63 - No mode defined for component null
2024-02-02 01:20:18,565 [WARN] ModelIntegratedComponent:63 - No mode defined for component null
2024-02-02 01:20:18,565 [WARN] ModelIntegratedComponent:63 - No mode defined for component null
2024-02-02 01:20:18,565 [WARN] ModelIntegratedComponent:63 - No mode defined for component null
2024-02-02 01:20:18,565 [WARN] ModelIntegratedComponent:63 - No mode defined for component null
2024-02-02 01:20:18,565 [WARN] ModelIntegratedComponent:63 - No mode defined for component null
2024-02-02 01:20:18,565 [WARN] ModelIntegratedComponent:63 - No mode defined for component null
2024-02-02 01:20:18,667 [INFO] ThirdPartyModel:298 - Start build external matchings
2024-02-02 01:20:19,354 [INFO] ThirdPartyModel:316 - End build external matchings
2024-02-02 01:20:19,619 [INFO] UtilMem:75 - End LoadConfig() Used Memory: 852817424 Bytes (1073741824)
2024-02-02 01:20:19,648 [INFO] MicroXplorer:468 - Change Database Path : 
2024-02-02 01:20:19,648 [INFO] MicroXplorer:498 - Change Database Version : DB.6.0.100
2024-02-02 01:20:19,651 [WARN] ThirdParty:833 - waiting for thirdparty lock release [change project]
2024-02-02 01:20:19,651 [INFO] ThirdParty:835 - entering critical section [change project]
2024-02-02 01:20:19,651 [INFO] ThirdParty:1030 - CMSIS Pack Vendor :STMicroelectronics X-CUBE-ISPU 1.1.0
2024-02-02 01:20:19,651 [INFO] ThirdParty:1030 - CMSIS Pack Vendor :STMicroelectronics USBPD 4.1
2024-02-02 01:20:19,651 [INFO] ThirdParty:1030 - CMSIS Pack Vendor :RoweBots I-CUBE-UNISONRTOS 5.5.0-4
2024-02-02 01:20:19,651 [INFO] ThirdParty:1030 - CMSIS Pack Vendor :STMicroelectronics X-CUBE-GNSS1 6.0.0
2024-02-02 01:20:19,651 [INFO] ThirdParty:1030 - CMSIS Pack Vendor :STMicroelectronics USB_HOST 2.0.0
2024-02-02 01:20:19,651 [INFO] ThirdParty:1030 - CMSIS Pack Vendor :STMicroelectronics X-CUBE-AZRTOS-F4 1.1.0
2024-02-02 01:20:19,651 [INFO] ThirdParty:1030 - CMSIS Pack Vendor :STMicroelectronics LIBJPEG 8.0.0
2024-02-02 01:20:19,651 [INFO] ThirdParty:1030 - CMSIS Pack Vendor :STMicroelectronics X-CUBE-SMBUS 2.1.0
2024-02-02 01:20:19,651 [INFO] ThirdParty:1030 - CMSIS Pack Vendor :STMicroelectronics USB_DEVICE 3.0.0
2024-02-02 01:20:19,651 [INFO] ThirdParty:1030 - CMSIS Pack Vendor :STMicroelectronics X-CUBE-AI 8.0.0
2024-02-02 01:20:19,651 [INFO] ThirdParty:1030 - CMSIS Pack Vendor :STMicroelectronics X-CUBE-AZRTOS-WB 2.0.0
2024-02-02 01:20:19,651 [INFO] ThirdParty:1030 - CMSIS Pack Vendor :STMicroelectronics X-CUBE-FREERTOS 1.0.0
2024-02-02 01:20:19,652 [INFO] ThirdParty:1030 - CMSIS Pack Vendor :STMicroelectronics X-CUBE-FREERTOS 1.0.1
2024-02-02 01:20:19,652 [INFO] ThirdParty:1030 - CMSIS Pack Vendor :STMicroelectronics X-CUBE-TOUCHGFX 4.21.1
2024-02-02 01:20:19,652 [INFO] ThirdParty:1030 - CMSIS Pack Vendor :STMicroelectronics X-CUBE-TOUCHGFX 4.21.3
2024-02-02 01:20:19,652 [INFO] ThirdParty:1030 - CMSIS Pack Vendor :STMicroelectronics X-CUBE-TOUCHGFX 4.23.0
2024-02-02 01:20:19,652 [INFO] ThirdParty:1030 - CMSIS Pack Vendor :STMicroelectronics X-CUBE-AZRTOS-F7 1.1.0
2024-02-02 01:20:19,652 [INFO] ThirdParty:1030 - CMSIS Pack Vendor :STMicroelectronics X-CUBE-TOUCHGFX 4.21.4
2024-02-02 01:20:19,652 [INFO] ThirdParty:1030 - CMSIS Pack Vendor :STMicroelectronics X-CUBE-AZRTOS-L5 2.0.0
2024-02-02 01:20:19,652 [INFO] ThirdParty:1030 - CMSIS Pack Vendor :STMicroelectronics USB_DEVICE 2.0.0
2024-02-02 01:20:19,652 [INFO] ThirdParty:1030 - CMSIS Pack Vendor :STMicroelectronics X-CUBE-MEMS1 9.6.0
2024-02-02 01:20:19,652 [INFO] ThirdParty:1030 - CMSIS Pack Vendor :STMicroelectronics X-CUBE-EEPRMA1 4.2.0
2024-02-02 01:20:19,652 [INFO] ThirdParty:1030 - CMSIS Pack Vendor :ITTIA_DB I-CUBE-ITTIADB 8.8.0
2024-02-02 01:20:19,652 [INFO] ThirdParty:1030 - CMSIS Pack Vendor :STMicroelectronics FP-SNS-MOTENV1 4.3.0
2024-02-02 01:20:19,652 [INFO] ThirdParty:1030 - CMSIS Pack Vendor :STMicroelectronics FP-SNS-MOTENV1 4.3.2
2024-02-02 01:20:19,652 [INFO] ThirdParty:1030 - CMSIS Pack Vendor :STMicroelectronics FP-SNS-FLIGHT1 5.0.0
2024-02-02 01:20:19,652 [INFO] ThirdParty:1030 - CMSIS Pack Vendor :STMicroelectronics FP-SNS-MOTENV1 4.3.1
2024-02-02 01:20:19,652 [INFO] ThirdParty:1030 - CMSIS Pack Vendor :STMicroelectronics FP-SNS-FLIGHT1 5.0.1
2024-02-02 01:20:19,652 [INFO] ThirdParty:1030 - CMSIS Pack Vendor :STMicroelectronics X-CUBE-ALGOBUILD 1.3.0
2024-02-02 01:20:19,652 [INFO] ThirdParty:1030 - CMSIS Pack Vendor :STMicroelectronics X-CUBE-BLE1 6.2.4
2024-02-02 01:20:19,652 [INFO] ThirdParty:1030 - CMSIS Pack Vendor :STMicroelectronics X-CUBE-AZRTOS-L5 1.1.0
2024-02-02 01:20:19,652 [INFO] ThirdParty:1030 - CMSIS Pack Vendor :STMicroelectronics FreeRTOS 0.0.1
2024-02-02 01:20:19,652 [INFO] ThirdParty:1030 - CMSIS Pack Vendor :STMicroelectronics X-CUBE-AZRTOS-G0 1.1.0
2024-02-02 01:20:19,652 [INFO] ThirdParty:1030 - CMSIS Pack Vendor :emotas I-CUBE-CANOPEN 1.1.3
2024-02-02 01:20:19,652 [INFO] ThirdParty:1030 - CMSIS Pack Vendor :STMicroelectronics X-CUBE-BLEMGR 2.0.0
2024-02-02 01:20:19,652 [INFO] ThirdParty:1030 - CMSIS Pack Vendor :STMicroelectronics X-CUBE-AI 8.0.1
2024-02-02 01:20:19,653 [INFO] ThirdParty:1030 - CMSIS Pack Vendor :STMicroelectronics X-CUBE-NFC4 3.0.0
2024-02-02 01:20:19,653 [INFO] ThirdParty:1030 - CMSIS Pack Vendor :STMicroelectronics X-CUBE-SUBG2 5.0.0
2024-02-02 01:20:19,653 [INFO] ThirdParty:1030 - CMSIS Pack Vendor :STMicroelectronics STM32_WPAN 1.0.0
2024-02-02 01:20:19,653 [INFO] ThirdParty:1030 - CMSIS Pack Vendor :STMicroelectronics lwIP 2.0.3
2024-02-02 01:20:19,653 [INFO] ThirdParty:1030 - CMSIS Pack Vendor :STMicroelectronics FP-SNS-FLIGHT1 5.0.2
2024-02-02 01:20:19,653 [INFO] ThirdParty:1030 - CMSIS Pack Vendor :STMicroelectronics USB_HOST 1.0.0
2024-02-02 01:20:19,653 [INFO] ThirdParty:1030 - CMSIS Pack Vendor :STMicroelectronics X-CUBE-TOF1 3.3.1
2024-02-02 01:20:19,653 [INFO] ThirdParty:1030 - CMSIS Pack Vendor :STMicroelectronics X-CUBE-AZRTOS-G4 2.0.0
2024-02-02 01:20:19,653 [INFO] ThirdParty:1030 - CMSIS Pack Vendor :STMicroelectronics PDM2PCM 3.1.0
2024-02-02 01:20:19,653 [INFO] ThirdParty:1030 - CMSIS Pack Vendor :STMicroelectronics X-CUBE-AZRTOS-H7 3.1.0
2024-02-02 01:20:19,653 [INFO] ThirdParty:1030 - CMSIS Pack Vendor :STMicroelectronics X-CUBE-TOF1 3.3.0
2024-02-02 01:20:19,653 [INFO] ThirdParty:1030 - CMSIS Pack Vendor :STMicroelectronics FP-ATR-ASTRA1 1.1.1
2024-02-02 01:20:19,653 [INFO] ThirdParty:1030 - CMSIS Pack Vendor :Infineon AIROC-Wi-Fi-Bluetooth-STM32 1.5.1
2024-02-02 01:20:19,653 [INFO] ThirdParty:1030 - CMSIS Pack Vendor :STMicroelectronics X-CUBE-BLEMGR 3.0.0
2024-02-02 01:20:19,653 [INFO] ThirdParty:1030 - CMSIS Pack Vendor :STMicroelectronics PDM2PCM 3.3.0
2024-02-02 01:20:19,653 [INFO] ThirdParty:1030 - CMSIS Pack Vendor :STMicroelectronics X-CUBE-DISPLAY 3.0.0
2024-02-02 01:20:19,653 [INFO] ThirdParty:1030 - CMSIS Pack Vendor :STMicroelectronics FP-SNS-MOTENVWB1 1.3.0
2024-02-02 01:20:19,653 [INFO] ThirdParty:1030 - CMSIS Pack Vendor :STMicroelectronics FP-SNS-MOTENVWB1 1.3.1
2024-02-02 01:20:19,653 [INFO] ThirdParty:1030 - CMSIS Pack Vendor :STMicroelectronics X-CUBE-BLE1 7.0.0
2024-02-02 01:20:19,653 [INFO] ThirdParty:1030 - CMSIS Pack Vendor :STMicroelectronics FP-ATR-SIGFOX1 3.2.0
2024-02-02 01:20:19,654 [INFO] ThirdParty:1030 - CMSIS Pack Vendor :STMicroelectronics X-CUBE-AZRTOS-G4 1.0.0
2024-02-02 01:20:19,654 [INFO] ThirdParty:1030 - CMSIS Pack Vendor :wolfSSL I-CUBE-wolfSSL 5.5.4
2024-02-02 01:20:19,654 [INFO] ThirdParty:1030 - CMSIS Pack Vendor :STMicroelectronics X-CUBE-AZRTOS-L4 1.0.0
2024-02-02 01:20:19,654 [INFO] ThirdParty:1030 - CMSIS Pack Vendor :STMicroelectronics X-CUBE-ISPU 2.0.0
2024-02-02 01:20:19,654 [INFO] ThirdParty:1030 - CMSIS Pack Vendor :STMicroelectronics X-CUBE-EEPRMA1 5.1.0
2024-02-02 01:20:19,654 [INFO] ThirdParty:1030 - CMSIS Pack Vendor :STMicroelectronics HAL Drivers 0.0.0
2024-02-02 01:20:19,654 [INFO] ThirdParty:1030 - CMSIS Pack Vendor :STMicroelectronics MBEDTLS 2.16.2
2024-02-02 01:20:19,654 [INFO] ThirdParty:1030 - CMSIS Pack Vendor :STMicroelectronics X-CUBE-MEMS1 10.0.0
2024-02-02 01:20:19,654 [INFO] ThirdParty:1030 - CMSIS Pack Vendor :STMicroelectronics X-CUBE-FREERTOS 1.1.0
2024-02-02 01:20:19,654 [INFO] ThirdParty:1030 - CMSIS Pack Vendor :STMicroelectronics X-CUBE-TOUCHGFX 4.22.0
2024-02-02 01:20:19,654 [INFO] ThirdParty:1030 - CMSIS Pack Vendor :STMicroelectronics X-CUBE-NFC7 1.0.1
2024-02-02 01:20:19,654 [INFO] ThirdParty:1030 - CMSIS Pack Vendor :STMicroelectronics MBEDTLS 2.14.1
2024-02-02 01:20:19,654 [INFO] ThirdParty:1030 - CMSIS Pack Vendor :STMicroelectronics X-CUBE-NFC7 1.0.0
2024-02-02 01:20:19,654 [INFO] ThirdParty:1030 - CMSIS Pack Vendor :STMicroelectronics X-CUBE-TOUCHGFX 4.22.1
2024-02-02 01:20:19,654 [INFO] ThirdParty:1030 - CMSIS Pack Vendor :STMicroelectronics X-CUBE-AZRTOS-WL 1.0.0
2024-02-02 01:20:19,654 [INFO] ThirdParty:1030 - CMSIS Pack Vendor :STMicroelectronics X-CUBE-NFC6 3.0.0
2024-02-02 01:20:19,654 [INFO] ThirdParty:1030 - CMSIS Pack Vendor :STMicroelectronics X-CUBE-EEPRMA1 4.1.0
2024-02-02 01:20:19,654 [INFO] ThirdParty:1030 - CMSIS Pack Vendor :portGmbH I-Cube-SoM-uGOAL 1.1.0
2024-02-02 01:20:19,654 [INFO] ThirdParty:1030 - CMSIS Pack Vendor :STMicroelectronics X-CUBE-ALS 1.0.1
2024-02-02 01:20:19,654 [INFO] ThirdParty:1030 - CMSIS Pack Vendor :STMicroelectronics X-CUBE-MEMS1 9.5.0
2024-02-02 01:20:19,654 [INFO] ThirdParty:1030 - CMSIS Pack Vendor :STMicroelectronics ThreadX 1.0.0
2024-02-02 01:20:19,654 [INFO] ThirdParty:1030 - CMSIS Pack Vendor :STMicroelectronics FP-SNS-SMARTAG2 1.2.0
2024-02-02 01:20:19,654 [INFO] ThirdParty:1030 - CMSIS Pack Vendor :STMicroelectronics X-CUBE-AZRTOS-WB 1.1.0
2024-02-02 01:20:19,654 [INFO] ThirdParty:1030 - CMSIS Pack Vendor :STMicroelectronics X-CUBE-AZRTOS-WL 2.0.0
2024-02-02 01:20:19,654 [INFO] ThirdParty:1030 - CMSIS Pack Vendor :SEGGER I-CUBE-embOS 1.3.1
2024-02-02 01:20:19,654 [INFO] ThirdParty:1030 - CMSIS Pack Vendor :STMicroelectronics USB_DEVICE 1.0.0
2024-02-02 01:20:19,654 [INFO] ThirdParty:1030 - CMSIS Pack Vendor :STMicroelectronics X-CUBE-AI 8.1.0
2024-02-02 01:20:19,654 [INFO] ThirdParty:1030 - CMSIS Pack Vendor :STMicroelectronics X-CUBE-AZRTOS-L4 2.0.0
2024-02-02 01:20:19,654 [INFO] ThirdParty:1030 - CMSIS Pack Vendor :STMicroelectronics ThreadX 0.0.2
2024-02-02 01:20:19,654 [INFO] ThirdParty:1030 - CMSIS Pack Vendor :WES I-CUBE-Cesium 1.3.0
2024-02-02 01:20:19,655 [INFO] ThirdParty:1030 - CMSIS Pack Vendor :STMicroelectronics FP-ATR-ASTRA1 2.0.0
2024-02-02 01:20:19,655 [INFO] ThirdParty:1030 - CMSIS Pack Vendor :STMicroelectronics lwIP 2.1.2
2024-02-02 01:20:19,655 [INFO] ThirdParty:1030 - CMSIS Pack Vendor :STMicroelectronics X-CUBE-SFXS2LP1 4.0.0
2024-02-02 01:20:19,655 [INFO] ThirdParty:1030 - CMSIS Pack Vendor :STMicroelectronics X-CUBE-BLE2 3.3.0
2024-02-02 01:20:19,655 [INFO] ThirdParty:1030 - CMSIS Pack Vendor :STMicroelectronics X-CUBE-TOF1 3.4.0
2024-02-02 01:20:19,655 [INFO] ThirdParty:1030 - CMSIS Pack Vendor :STMicroelectronics X-CUBE-TOF1 3.2.0
2024-02-02 01:20:19,655 [INFO] ThirdParty:1030 - CMSIS Pack Vendor :STMicroelectronics X-CUBE-AZRTOS-H7 3.2.0
2024-02-02 01:20:19,655 [INFO] ThirdParty:1030 - CMSIS Pack Vendor :STMicroelectronics PDM2PCM 3.2.0
2024-02-02 01:20:19,655 [INFO] ThirdParty:1030 - CMSIS Pack Vendor :STMicroelectronics X-CUBE-AZRTOS-H7 3.0.0
2024-02-02 01:20:19,655 [INFO] ThirdParty:841 - exiting critical section [change project]
2024-02-02 01:20:19,845 [INFO] PinOutPanel:1499 - setPackage(No Configuration,No Configuration)
2024-02-02 01:20:19,847 [INFO] PinOutPanel:1499 - setPackage(STM32F407VETx,LQFP100)
2024-02-02 01:20:20,026 [INFO] UtilMem:75 - Before build in PCC Used Memory: 860541344 Bytes (1073741824)
2024-02-02 01:20:20,223 [INFO] UtilMem:75 - After build in PCC Used Memory: 905103776 Bytes (1073741824)
2024-02-02 01:20:20,242 [INFO] IPUIPlugin:80 - create IPUIPlugin
2024-02-02 01:20:20,242 [INFO] IPUIPlugin:80 - create IPUIPlugin
2024-02-02 01:20:20,242 [INFO] IPUIPlugin:80 - create IPUIPlugin
2024-02-02 01:20:20,242 [INFO] IPUIPlugin:80 - create IPUIPlugin
2024-02-02 01:20:20,242 [INFO] IPUIPlugin:80 - create IPUIPlugin
2024-02-02 01:20:20,242 [INFO] IPUIPlugin:80 - create IPUIPlugin
2024-02-02 01:20:20,242 [INFO] IPUIPlugin:80 - create IPUIPlugin
2024-02-02 01:20:20,243 [INFO] IPUIPlugin:80 - create IPUIPlugin
2024-02-02 01:20:20,243 [INFO] IPUIPlugin:80 - create IPUIPlugin
2024-02-02 01:20:20,243 [INFO] IPUIPlugin:80 - create IPUIPlugin
2024-02-02 01:20:20,243 [INFO] IPUIPlugin:80 - create IPUIPlugin
2024-02-02 01:20:20,243 [INFO] IPUIPlugin:80 - create IPUIPlugin
2024-02-02 01:20:20,243 [INFO] IPUIPlugin:80 - create IPUIPlugin
2024-02-02 01:20:20,243 [INFO] IPUIPlugin:80 - create IPUIPlugin
2024-02-02 01:20:20,243 [INFO] IPUIPlugin:80 - create IPUIPlugin
2024-02-02 01:20:20,243 [INFO] IPUIPlugin:80 - create IPUIPlugin
2024-02-02 01:20:20,243 [INFO] IPUIPlugin:80 - create IPUIPlugin
2024-02-02 01:20:20,243 [INFO] IPUIPlugin:80 - create IPUIPlugin
2024-02-02 01:20:20,243 [INFO] IPUIPlugin:80 - create IPUIPlugin
2024-02-02 01:20:20,244 [INFO] IPUIPlugin:80 - create IPUIPlugin
2024-02-02 01:20:20,244 [INFO] IPUIPlugin:80 - create IPUIPlugin
2024-02-02 01:20:20,244 [INFO] IPUIPlugin:80 - create IPUIPlugin
2024-02-02 01:20:20,244 [INFO] IPUIPlugin:80 - create IPUIPlugin
2024-02-02 01:20:20,244 [INFO] IPUIPlugin:80 - create IPUIPlugin
2024-02-02 01:20:20,245 [INFO] IPUIPlugin:80 - create IPUIPlugin
2024-02-02 01:20:20,245 [INFO] IPUIPlugin:80 - create IPUIPlugin
2024-02-02 01:20:20,245 [INFO] IPUIPlugin:80 - create IPUIPlugin
2024-02-02 01:20:20,245 [INFO] IPUIPlugin:80 - create IPUIPlugin
2024-02-02 01:20:20,246 [INFO] IPUIPlugin:80 - create IPUIPlugin
2024-02-02 01:20:20,246 [INFO] IPUIPlugin:80 - create IPUIPlugin
2024-02-02 01:20:20,246 [INFO] IPUIPlugin:80 - create IPUIPlugin
2024-02-02 01:20:20,246 [INFO] IPUIPlugin:80 - create IPUIPlugin
2024-02-02 01:20:20,246 [INFO] IPUIPlugin:80 - create IPUIPlugin
2024-02-02 01:20:20,246 [INFO] IPUIPlugin:80 - create IPUIPlugin
2024-02-02 01:20:20,246 [INFO] IPUIPlugin:80 - create IPUIPlugin
2024-02-02 01:20:20,246 [INFO] IPUIPlugin:80 - create IPUIPlugin
2024-02-02 01:20:20,247 [INFO] IPUIPlugin:80 - create IPUIPlugin
2024-02-02 01:20:20,247 [INFO] IPUIPlugin:80 - create IPUIPlugin
2024-02-02 01:20:20,247 [INFO] IPUIPlugin:80 - create IPUIPlugin
2024-02-02 01:20:20,247 [INFO] IPUIPlugin:80 - create IPUIPlugin
2024-02-02 01:20:20,247 [INFO] IPUIPlugin:80 - create IPUIPlugin
2024-02-02 01:20:20,247 [INFO] IPUIPlugin:80 - create IPUIPlugin
2024-02-02 01:20:20,247 [INFO] IPUIPlugin:80 - create IPUIPlugin
2024-02-02 01:20:20,247 [INFO] IPUIPlugin:80 - create IPUIPlugin
2024-02-02 01:20:20,248 [INFO] IPUIPlugin:80 - create IPUIPlugin
2024-02-02 01:20:20,248 [INFO] IPUIPlugin:80 - create IPUIPlugin
2024-02-02 01:20:20,248 [INFO] IPUIPlugin:80 - create IPUIPlugin
2024-02-02 01:20:20,248 [INFO] IPUIPlugin:80 - create IPUIPlugin
2024-02-02 01:20:20,248 [INFO] IPUIPlugin:80 - create IPUIPlugin
2024-02-02 01:20:20,248 [INFO] IPUIPlugin:80 - create IPUIPlugin
2024-02-02 01:20:20,248 [INFO] IPUIPlugin:80 - create IPUIPlugin
2024-02-02 01:20:20,248 [INFO] IPUIPlugin:80 - create IPUIPlugin
2024-02-02 01:20:20,248 [INFO] IPUIPlugin:80 - create IPUIPlugin
2024-02-02 01:20:20,250 [INFO] IPUIPlugin:80 - create IPUIPlugin
2024-02-02 01:20:20,250 [INFO] IPUIPlugin:80 - create IPUIPlugin
2024-02-02 01:20:20,250 [INFO] IPUIPlugin:80 - create IPUIPlugin
2024-02-02 01:20:20,251 [INFO] IPUIPlugin:80 - create IPUIPlugin
2024-02-02 01:20:20,251 [INFO] IPUIPlugin:80 - create IPUIPlugin
2024-02-02 01:20:20,255 [INFO] ApiDbMcu:508 - Load IP Config File for PDM2PCM
2024-02-02 01:20:20,285 [INFO] CADModel:165 - CPN selected for project levelSTM32F407VET6
2024-02-02 01:20:20,285 [INFO] CADModel:114 - Register for checkConnection events
2024-02-02 01:20:20,335 [INFO] OpenFileManager:343 - Restore cursor
2024-02-02 01:20:20,630 [INFO] UtilMem:75 - End SaveConfig() Used Memory: 736448400 Bytes (1073741824)
2024-02-02 01:20:20,690 [INFO] UtilMem:75 - End SaveConfig() Used Memory: 760574456 Bytes (1073741824)
2024-02-02 01:20:20,833 [INFO] BlockDiagram:2759 - set Specific Code input for plugin: RCC
2024-02-02 01:20:20,833 [INFO] BlockDiagram:2759 - set Specific Code input for plugin: NVIC
2024-02-02 01:20:20,834 [INFO] CodeGenerator:807 - code generatio: config db path: C:\ST\STM32CubeIDE_1.11.2\STM32CubeIDE\plugins\com.st.stm32cube.common.mx_6.10.0.202311202037\\db\
2024-02-02 01:20:20,937 [INFO] CodeEngine:255 - oldGeneratedFile, C:\Users\xboxw\STM32CubeIDE\workspace_git\ADC_BARE_METAL\MXTmpFiles\license.tmp_save
2024-02-02 01:20:21,071 [INFO] CodeEngine:279 - Generated code: C:\Users\xboxw\STM32CubeIDE\workspace_git\ADC_BARE_METAL\MXTmpFiles\license.tmp
2024-02-02 01:20:21,095 [INFO] CodeEngine:255 - oldGeneratedFile, C:\Users\xboxw\STM32CubeIDE\workspace_git\ADC_BARE_METAL\Core\Src\stm32f4xx_it.c_save
2024-02-02 01:20:21,400 [INFO] CodeEngine:279 - Generated code: C:\Users\xboxw\STM32CubeIDE\workspace_git\ADC_BARE_METAL\Core\Src\stm32f4xx_it.c
2024-02-02 01:20:21,407 [INFO] CodeEngine:255 - oldGeneratedFile, C:\Users\xboxw\STM32CubeIDE\workspace_git\ADC_BARE_METAL\Core\Inc\stm32f4xx_it.h_save
2024-02-02 01:20:21,471 [INFO] CodeEngine:279 - Generated code: C:\Users\xboxw\STM32CubeIDE\workspace_git\ADC_BARE_METAL\Core\Inc\stm32f4xx_it.h
2024-02-02 01:20:21,503 [INFO] CodeEngine:255 - oldGeneratedFile, C:\Users\xboxw\STM32CubeIDE\workspace_git\ADC_BARE_METAL\Core\Src\stm32f4xx_hal_msp.c_save
2024-02-02 01:20:21,592 [INFO] CodeEngine:279 - Generated code: C:\Users\xboxw\STM32CubeIDE\workspace_git\ADC_BARE_METAL\Core\Src\stm32f4xx_hal_msp.c
2024-02-02 01:20:21,598 [INFO] CodeEngine:255 - oldGeneratedFile, C:\Users\xboxw\STM32CubeIDE\workspace_git\ADC_BARE_METAL\MXTmpFiles\system.tmp_save
2024-02-02 01:20:21,644 [INFO] CodeEngine:279 - Generated code: C:\Users\xboxw\STM32CubeIDE\workspace_git\ADC_BARE_METAL\MXTmpFiles\system.tmp
2024-02-02 01:20:21,657 [INFO] CodeEngine:311 - oldGeneratedFile, C:\Users\xboxw\STM32CubeIDE\workspace_git\ADC_BARE_METAL\Core\Inc\stm32f4xx_hal_conf.h_save
2024-02-02 01:20:21,745 [INFO] CodeEngine:335 - Generated code: C:\Users\xboxw\STM32CubeIDE\workspace_git\ADC_BARE_METAL\Core\Inc\stm32f4xx_hal_conf.h
2024-02-02 01:20:21,796 [INFO] CodeEngine:255 - oldGeneratedFile, C:\Users\xboxw\STM32CubeIDE\workspace_git\ADC_BARE_METAL\Core\Inc\main.h_save
2024-02-02 01:20:21,888 [INFO] CodeEngine:279 - Generated code: C:\Users\xboxw\STM32CubeIDE\workspace_git\ADC_BARE_METAL\Core\Inc\main.h
2024-02-02 01:20:21,894 [INFO] CodeEngine:255 - oldGeneratedFile, C:\Users\xboxw\STM32CubeIDE\workspace_git\ADC_BARE_METAL\Core\Src\main.c_save
2024-02-02 01:20:21,991 [INFO] CodeEngine:279 - Generated code: C:\Users\xboxw\STM32CubeIDE\workspace_git\ADC_BARE_METAL\Core\Src\main.c
2024-02-02 01:20:22,570 [INFO] ProjectBuilder:3076 - Time for Copy HAL[1] : 234mS.
2024-02-02 01:20:22,574 [INFO] ProjectBuilder:4485 - Project Generator version: 4.2.0-B44
2024-02-02 01:20:22,811 [INFO] ConfigFileManager:1495 - The Die is : DIE413
2024-02-02 01:20:22,815 [INFO] ApiDbMcu:508 - Load IP Config File for FATFS
2024-02-02 01:20:22,819 [INFO] ApiDbMcu:508 - Load IP Config File for FREERTOS
2024-02-02 01:20:22,822 [INFO] ApiDbMcu:508 - Load IP Config File for LIBJPEG
2024-02-02 01:20:22,827 [INFO] ApiDbMcu:508 - Load IP Config File for LWIP
2024-02-02 01:20:22,832 [INFO] ApiDbMcu:508 - Load IP Config File for MBEDTLS
2024-02-02 01:20:22,840 [INFO] ApiDbMcu:508 - Load IP Config File for USB_DEVICE
2024-02-02 01:20:22,845 [INFO] ApiDbMcu:508 - Load IP Config File for USB_HOST
2024-02-02 01:20:24,861 [INFO] ProjectBuilder:4747 - Time for Generating toolchain IDE Files: 2286mS.
2024-02-02 01:20:24,862 [INFO] ProjectBuilder:2947 - Time for Copy CMSIS : 1mS.
2024-02-02 01:20:24,865 [INFO] ProjectBuilder:2947 - Time for Copy CMSIS : 1mS.
2024-02-02 01:20:26,038 [INFO] McuFinderGlobals:76 - Set McuFinderConnectedMode to true
2024-02-02 01:20:26,039 [INFO] ApiDb:448 - Save user favorites file C:\Users\xboxw/.stm32cubeide/favorites.mcus.txt: 0 item(s)
2024-02-02 01:20:26,040 [INFO] ApiDb:452 - User favorites MCUs=[]
2024-02-02 01:20:45,793 [INFO] UtilMem:75 - End SaveConfig() Used Memory: 794022744 Bytes (1073741824)
2024-02-02 01:20:46,645 [INFO] UtilMem:75 - End SaveConfig() Used Memory: 830200664 Bytes (1073741824)
2024-02-02 01:20:48,200 [INFO] UtilMem:75 - End SaveConfig() Used Memory: 883678024 Bytes (1073741824)
2024-02-02 01:20:48,436 [INFO] BlockDiagram:2759 - set Specific Code input for plugin: SYS
2024-02-02 01:20:48,436 [INFO] BlockDiagram:2759 - set Specific Code input for plugin: RCC
2024-02-02 01:20:48,436 [INFO] BlockDiagram:2759 - set Specific Code input for plugin: NVIC
2024-02-02 01:20:48,438 [INFO] BlockDiagram:2759 - set Specific Code input for plugin: GPIO
2024-02-02 01:20:48,439 [INFO] CodeGenerator:807 - code generatio: config db path: C:\ST\STM32CubeIDE_1.11.2\STM32CubeIDE\plugins\com.st.stm32cube.common.mx_6.10.0.202311202037\\db\
2024-02-02 01:20:48,575 [INFO] CodeEngine:255 - oldGeneratedFile, C:\Users\xboxw\STM32CubeIDE\workspace_git\ADC_BARE_METAL\MXTmpFiles\license.tmp_save
2024-02-02 01:20:48,661 [INFO] CodeEngine:279 - Generated code: C:\Users\xboxw\STM32CubeIDE\workspace_git\ADC_BARE_METAL\MXTmpFiles\license.tmp
2024-02-02 01:20:48,679 [INFO] CodeEngine:255 - oldGeneratedFile, C:\Users\xboxw\STM32CubeIDE\workspace_git\ADC_BARE_METAL\MXTmpFiles\gpio.tmp_save
2024-02-02 01:20:48,772 [INFO] CodeEngine:279 - Generated code: C:\Users\xboxw\STM32CubeIDE\workspace_git\ADC_BARE_METAL\MXTmpFiles\gpio.tmp
2024-02-02 01:20:48,807 [INFO] CodeEngine:255 - oldGeneratedFile, C:\Users\xboxw\STM32CubeIDE\workspace_git\ADC_BARE_METAL\Core\Src\stm32f4xx_it.c_save
2024-02-02 01:20:48,874 [INFO] CodeEngine:279 - Generated code: C:\Users\xboxw\STM32CubeIDE\workspace_git\ADC_BARE_METAL\Core\Src\stm32f4xx_it.c
2024-02-02 01:20:48,880 [INFO] CodeEngine:255 - oldGeneratedFile, C:\Users\xboxw\STM32CubeIDE\workspace_git\ADC_BARE_METAL\Core\Inc\stm32f4xx_it.h_save
2024-02-02 01:20:48,932 [INFO] CodeEngine:279 - Generated code: C:\Users\xboxw\STM32CubeIDE\workspace_git\ADC_BARE_METAL\Core\Inc\stm32f4xx_it.h
2024-02-02 01:20:48,953 [INFO] CodeEngine:255 - oldGeneratedFile, C:\Users\xboxw\STM32CubeIDE\workspace_git\ADC_BARE_METAL\Core\Src\stm32f4xx_hal_msp.c_save
2024-02-02 01:20:49,047 [INFO] CodeEngine:279 - Generated code: C:\Users\xboxw\STM32CubeIDE\workspace_git\ADC_BARE_METAL\Core\Src\stm32f4xx_hal_msp.c
2024-02-02 01:20:49,053 [INFO] CodeEngine:255 - oldGeneratedFile, C:\Users\xboxw\STM32CubeIDE\workspace_git\ADC_BARE_METAL\MXTmpFiles\system.tmp_save
2024-02-02 01:20:49,105 [INFO] CodeEngine:279 - Generated code: C:\Users\xboxw\STM32CubeIDE\workspace_git\ADC_BARE_METAL\MXTmpFiles\system.tmp
2024-02-02 01:20:49,124 [INFO] CodeEngine:311 - oldGeneratedFile, C:\Users\xboxw\STM32CubeIDE\workspace_git\ADC_BARE_METAL\Core\Inc\stm32f4xx_hal_conf.h_save
2024-02-02 01:20:49,198 [INFO] CodeEngine:335 - Generated code: C:\Users\xboxw\STM32CubeIDE\workspace_git\ADC_BARE_METAL\Core\Inc\stm32f4xx_hal_conf.h
2024-02-02 01:20:49,236 [INFO] CodeEngine:255 - oldGeneratedFile, C:\Users\xboxw\STM32CubeIDE\workspace_git\ADC_BARE_METAL\Core\Inc\main.h_save
2024-02-02 01:20:49,313 [INFO] CodeEngine:279 - Generated code: C:\Users\xboxw\STM32CubeIDE\workspace_git\ADC_BARE_METAL\Core\Inc\main.h
2024-02-02 01:20:49,327 [INFO] CodeEngine:255 - oldGeneratedFile, C:\Users\xboxw\STM32CubeIDE\workspace_git\ADC_BARE_METAL\Core\Src\main.c_save
2024-02-02 01:20:49,411 [INFO] CodeEngine:279 - Generated code: C:\Users\xboxw\STM32CubeIDE\workspace_git\ADC_BARE_METAL\Core\Src\main.c
2024-02-02 01:20:50,010 [INFO] ProjectBuilder:3076 - Time for Copy HAL[1] : 241mS.
2024-02-02 01:20:50,015 [INFO] ProjectBuilder:4485 - Project Generator version: 4.2.0-B44
2024-02-02 01:20:50,256 [INFO] ConfigFileManager:1495 - The Die is : DIE413
2024-02-02 01:20:51,622 [INFO] ProjectBuilder:4747 - Time for Generating toolchain IDE Files: 1607mS.
2024-02-02 01:20:51,623 [INFO] ProjectBuilder:2947 - Time for Copy CMSIS : 0mS.
2024-02-02 01:20:51,626 [INFO] ProjectBuilder:2947 - Time for Copy CMSIS : 0mS.
